[2025-03-13 00:00:02] local.INFO: Checking for scheduled messages to send at: 2025-03-13 00:00:02  
[2025-03-13 00:00:02] local.INFO: Pending Scheduled messages found: 0  
[2025-03-13 00:01:02] local.INFO: Checking for scheduled messages to send at: 2025-03-13 00:01:02  
[2025-03-13 00:01:02] local.INFO: Pending Scheduled messages found: 0  
[2025-03-13 00:02:02] local.INFO: Checking for scheduled messages to send at: 2025-03-13 00:02:02  
[2025-03-13 00:02:02] local.INFO: Pending Scheduled messages found: 0  
[2025-03-13 00:03:02] local.INFO: Checking for scheduled messages to send at: 2025-03-13 00:03:02  
[2025-03-13 00:03:02] local.INFO: Pending Scheduled messages found: 1  
[2025-03-13 00:03:02] local.INFO: Processing message for User ID: 1  
[2025-03-13 00:03:02] local.INFO: Final phone: 2347033273415  
[2025-03-13 00:03:02] local.INFO: scheduled message: ====================  
[2025-03-13 00:03:02] local.INFO: Final phone: 23450703640410  
[2025-03-13 00:03:02] local.INFO: scheduled message: ====================  
[2025-03-13 00:04:02] local.INFO: Checking for scheduled messages to send at: 2025-03-13 00:04:02  
[2025-03-13 00:04:02] local.INFO: Pending Scheduled messages found: 0  
[2025-03-13 00:05:02] local.INFO: Checking for scheduled messages to send at: 2025-03-13 00:05:02  
[2025-03-13 00:05:02] local.INFO: Pending Scheduled messages found: 0  
[2025-03-13 00:06:01] local.INFO: Checking for scheduled messages to send at: 2025-03-13 00:06:01  
[2025-03-13 00:06:01] local.INFO: Pending Scheduled messages found: 0  
[2025-03-13 00:07:02] local.INFO: Checking for scheduled messages to send at: 2025-03-13 00:07:02  
[2025-03-13 00:07:02] local.INFO: Pending Scheduled messages found: 0  
[2025-03-13 00:08:02] local.INFO: Checking for scheduled messages to send at: 2025-03-13 00:08:02  
[2025-03-13 00:08:02] local.INFO: Pending Scheduled messages found: 0  
[2025-03-13 00:09:02] local.INFO: Checking for scheduled messages to send at: 2025-03-13 00:09:02  
[2025-03-13 00:09:02] local.INFO: Pending Scheduled messages found: 0  
[2025-03-13 00:10:02] local.INFO: Checking for scheduled messages to send at: 2025-03-13 00:10:02  
[2025-03-13 00:10:02] local.INFO: Pending Scheduled messages found: 0  
[2025-03-13 00:11:01] local.INFO: Checking for scheduled messages to send at: 2025-03-13 00:11:01  
[2025-03-13 00:11:02] local.INFO: Pending Scheduled messages found: 0  
[2025-03-13 00:12:01] local.INFO: Checking for scheduled messages to send at: 2025-03-13 00:12:01  
[2025-03-13 00:12:01] local.INFO: Pending Scheduled messages found: 0  
[2025-03-13 00:13:02] local.INFO: Checking for scheduled messages to send at: 2025-03-13 00:13:02  
[2025-03-13 00:13:02] local.INFO: Pending Scheduled messages found: 0  
[2025-03-13 00:14:03] local.INFO: Checking for scheduled messages to send at: 2025-03-13 00:14:03  
[2025-03-13 00:14:03] local.INFO: Pending Scheduled messages found: 0  
[2025-03-13 00:15:03] local.INFO: Checking for scheduled messages to send at: 2025-03-13 00:15:03  
[2025-03-13 00:15:03] local.INFO: Pending Scheduled messages found: 0  
[2025-03-13 00:16:02] local.INFO: Checking for scheduled messages to send at: 2025-03-13 00:16:02  
[2025-03-13 00:16:02] local.INFO: Pending Scheduled messages found: 0  
[2025-03-13 00:17:03] local.INFO: Checking for scheduled messages to send at: 2025-03-13 00:17:03  
[2025-03-13 00:17:03] local.INFO: Pending Scheduled messages found: 0  
[2025-03-13 00:18:03] local.INFO: Checking for scheduled messages to send at: 2025-03-13 00:18:03  
[2025-03-13 00:18:03] local.INFO: Pending Scheduled messages found: 0  
[2025-03-13 00:22:03] local.INFO: Checking for scheduled messages to send at: 2025-03-13 00:22:03  
[2025-03-13 00:22:03] local.INFO: Pending Scheduled messages found: 0  
[2025-03-13 00:23:02] local.INFO: Checking for scheduled messages to send at: 2025-03-13 00:23:02  
[2025-03-13 00:23:02] local.INFO: Pending Scheduled messages found: 0  
[2025-03-13 00:24:02] local.INFO: Checking for scheduled messages to send at: 2025-03-13 00:24:02  
[2025-03-13 00:24:02] local.INFO: Pending Scheduled messages found: 0  
[2025-03-13 07:30:02] local.INFO: Checking for scheduled messages to send at: 2025-03-13 07:30:02  
[2025-03-13 07:31:02] local.INFO: Checking for scheduled messages to send at: 2025-03-13 07:31:02  
[2025-03-13 07:32:02] local.INFO: Checking for scheduled messages to send at: 2025-03-13 07:32:02  
[2025-03-13 07:33:01] local.INFO: Checking for scheduled messages to send at: 2025-03-13 07:33:01  
[2025-03-13 07:34:02] local.INFO: Checking for scheduled messages to send at: 2025-03-13 07:34:02  
[2025-03-13 07:35:03] local.INFO: Checking for scheduled messages to send at: 2025-03-13 07:35:03  
[2025-03-13 07:36:01] local.INFO: Checking for scheduled messages to send at: 2025-03-13 07:36:01  
[2025-03-13 07:37:02] local.INFO: Checking for scheduled messages to send at: 2025-03-13 07:37:02  
[2025-03-13 07:38:02] local.INFO: Checking for scheduled messages to send at: 2025-03-13 07:38:02  
[2025-03-13 07:39:01] local.INFO: Checking for scheduled messages to send at: 2025-03-13 07:39:01  
[2025-03-13 07:40:01] local.INFO: Checking for scheduled messages to send at: 2025-03-13 07:40:01  
[2025-03-13 07:41:02] local.INFO: Checking for scheduled messages to send at: 2025-03-13 07:41:02  
[2025-03-13 07:42:02] local.INFO: Checking for scheduled messages to send at: 2025-03-13 07:42:02  
[2025-03-13 07:43:01] local.INFO: Checking for scheduled messages to send at: 2025-03-13 07:43:01  
[2025-03-13 07:44:02] local.INFO: Checking for scheduled messages to send at: 2025-03-13 07:44:02  
[2025-03-13 07:45:02] local.INFO: Checking for scheduled messages to send at: 2025-03-13 07:45:02  
[2025-03-13 07:46:02] local.INFO: Checking for scheduled messages to send at: 2025-03-13 07:46:02  
[2025-03-13 07:47:01] local.INFO: Checking for scheduled messages to send at: 2025-03-13 07:47:01  
[2025-03-13 07:48:02] local.INFO: Checking for scheduled messages to send at: 2025-03-13 07:48:02  
[2025-03-13 07:48:02] local.INFO: Pending Scheduled messages found: 0  
[2025-03-13 07:49:02] local.INFO: Checking for scheduled messages to send at: 2025-03-13 07:49:02  
[2025-03-13 07:49:02] local.INFO: Pending Scheduled messages found: 0  
[2025-03-13 07:50:02] local.INFO: Checking for scheduled messages to send at: 2025-03-13 07:50:02  
[2025-03-13 07:50:02] local.INFO: Pending Scheduled messages found: 0  
[2025-03-13 07:51:01] local.INFO: Checking for scheduled messages to send at: 2025-03-13 07:51:01  
[2025-03-13 07:51:01] local.INFO: Pending Scheduled messages found: 0  
[2025-03-13 07:52:02] local.INFO: Checking for scheduled messages to send at: 2025-03-13 07:52:02  
[2025-03-13 07:52:02] local.INFO: Pending Scheduled messages found: 0  
[2025-03-13 07:53:02] local.INFO: Checking for scheduled messages to send at: 2025-03-13 07:53:02  
[2025-03-13 07:53:02] local.INFO: Pending Scheduled messages found: 0  
[2025-03-13 07:54:02] local.INFO: Checking for scheduled messages to send at: 2025-03-13 07:54:02  
[2025-03-13 07:54:02] local.INFO: Pending Scheduled messages found: 0  
[2025-03-13 07:55:01] local.INFO: Checking for scheduled messages to send at: 2025-03-13 07:55:01  
[2025-03-13 07:55:01] local.INFO: Pending Scheduled messages found: 0  
[2025-03-13 07:56:02] local.INFO: Checking for scheduled messages to send at: 2025-03-13 07:56:02  
[2025-03-13 07:56:02] local.INFO: Pending Scheduled messages found: 0  
[2025-03-13 07:57:02] local.INFO: Checking for scheduled messages to send at: 2025-03-13 07:57:02  
[2025-03-13 07:57:02] local.INFO: Pending Scheduled messages found: 0  
[2025-03-13 07:58:02] local.INFO: Checking for scheduled messages to send at: 2025-03-13 07:58:02  
[2025-03-13 07:58:02] local.INFO: Pending Scheduled messages found: 0  
[2025-03-13 07:59:01] local.INFO: Checking for scheduled messages to send at: 2025-03-13 07:59:01  
[2025-03-13 07:59:01] local.INFO: Pending Scheduled messages found: 0  
[2025-03-13 08:00:02] local.INFO: Checking for scheduled messages to send at: 2025-03-13 08:00:02  
[2025-03-13 08:00:02] local.INFO: Pending Scheduled messages found: 0  
[2025-03-13 08:01:02] local.INFO: Checking for scheduled messages to send at: 2025-03-13 08:01:02  
[2025-03-13 08:01:02] local.INFO: Pending Scheduled messages found: 0  
[2025-03-13 08:02:02] local.INFO: Checking for scheduled messages to send at: 2025-03-13 08:02:02  
[2025-03-13 08:02:02] local.INFO: Pending Scheduled messages found: 0  
[2025-03-13 08:03:02] local.INFO: Checking for scheduled messages to send at: 2025-03-13 08:03:02  
[2025-03-13 08:03:02] local.INFO: Pending Scheduled messages found: 0  
[2025-03-13 08:04:01] local.INFO: Checking for scheduled messages to send at: 2025-03-13 08:04:01  
[2025-03-13 08:04:01] local.INFO: Pending Scheduled messages found: 0  
[2025-03-13 08:05:01] local.INFO: Checking for scheduled messages to send at: 2025-03-13 08:05:01  
[2025-03-13 08:05:01] local.INFO: Pending Scheduled messages found: 0  
[2025-03-13 08:06:02] local.INFO: Checking for scheduled messages to send at: 2025-03-13 08:06:02  
[2025-03-13 08:06:02] local.INFO: Pending Scheduled messages found: 0  
[2025-03-13 08:07:02] local.INFO: Checking for scheduled messages to send at: 2025-03-13 08:07:02  
[2025-03-13 08:07:02] local.INFO: Pending Scheduled messages found: 0  
[2025-03-13 08:08:01] local.INFO: Checking for scheduled messages to send at: 2025-03-13 08:08:01  
[2025-03-13 08:08:02] local.INFO: Pending Scheduled messages found: 0  
[2025-03-13 08:10:02] local.INFO: Checking for scheduled messages to send at: 2025-03-13 08:10:02  
[2025-03-13 08:10:02] local.INFO: Pending Scheduled messages found: 0  
[2025-03-13 08:11:01] local.INFO: Checking for scheduled messages to send at: 2025-03-13 08:11:01  
[2025-03-13 08:12:02] local.INFO: Checking for scheduled messages to send at: 2025-03-13 08:12:02  
[2025-03-13 08:13:02] local.INFO: Checking for scheduled messages to send at: 2025-03-13 08:13:02  
[2025-03-13 08:14:01] local.INFO: Checking for scheduled messages to send at: 2025-03-13 08:14:01  
[2025-03-13 08:15:02] local.INFO: Checking for scheduled messages to send at: 2025-03-13 08:15:02  
[2025-03-13 08:16:02] local.INFO: Checking for scheduled messages to send at: 2025-03-13 08:16:02  
[2025-03-13 08:17:01] local.INFO: Checking for scheduled messages to send at: 2025-03-13 08:17:01  
[2025-03-13 08:18:02] local.INFO: Checking for scheduled messages to send at: 2025-03-13 08:18:02  
[2025-03-13 08:19:02] local.INFO: Checking for scheduled messages to send at: 2025-03-13 08:19:02  
[2025-03-13 08:20:01] local.INFO: Checking for scheduled messages to send at: 2025-03-13 08:20:01  
[2025-03-13 08:21:01] local.INFO: Checking for scheduled messages to send at: 2025-03-13 08:21:01  
[2025-03-13 08:22:02] local.INFO: Checking for scheduled messages to send at: 2025-03-13 08:22:02  
[2025-03-13 08:23:02] local.INFO: Checking for scheduled messages to send at: 2025-03-13 08:23:02  
[2025-03-13 08:24:01] local.INFO: Checking for scheduled messages to send at: 2025-03-13 08:24:01  
[2025-03-13 08:25:02] local.INFO: Checking for scheduled messages to send at: 2025-03-13 08:25:02  
[2025-03-13 08:26:02] local.INFO: Checking for scheduled messages to send at: 2025-03-13 08:26:02  
[2025-03-13 08:27:01] local.INFO: Checking for scheduled messages to send at: 2025-03-13 08:27:01  
[2025-03-13 08:28:02] local.INFO: Checking for scheduled messages to send at: 2025-03-13 08:28:02  
[2025-03-13 08:29:02] local.INFO: Checking for scheduled messages to send at: 2025-03-13 08:29:02  
[2025-03-13 08:30:01] local.INFO: Checking for scheduled messages to send at: 2025-03-13 08:30:01  
[2025-03-13 08:31:02] local.INFO: Checking for scheduled messages to send at: 2025-03-13 08:31:02  
[2025-03-13 08:32:02] local.INFO: Checking for scheduled messages to send at: 2025-03-13 08:32:02  
[2025-03-13 08:33:01] local.INFO: Checking for scheduled messages to send at: 2025-03-13 08:33:01  
[2025-03-13 08:34:01] local.INFO: Checking for scheduled messages to send at: 2025-03-13 08:34:01  
[2025-03-13 08:35:02] local.INFO: Checking for scheduled messages to send at: 2025-03-13 08:35:02  
[2025-03-13 08:36:02] local.INFO: Checking for scheduled messages to send at: 2025-03-13 08:36:02  
[2025-03-13 08:37:01] local.INFO: Checking for scheduled messages to send at: 2025-03-13 08:37:01  
[2025-03-13 08:38:02] local.INFO: Checking for scheduled messages to send at: 2025-03-13 08:38:02  
[2025-03-13 08:39:02] local.INFO: Checking for scheduled messages to send at: 2025-03-13 08:39:02  
[2025-03-13 08:40:01] local.INFO: Checking for scheduled messages to send at: 2025-03-13 08:40:01  
[2025-03-13 08:41:02] local.INFO: Checking for scheduled messages to send at: 2025-03-13 08:41:02  
[2025-03-13 08:42:02] local.INFO: Checking for scheduled messages to send at: 2025-03-13 08:42:02  
[2025-03-13 08:43:01] local.INFO: Checking for scheduled messages to send at: 2025-03-13 08:43:01  
[2025-03-13 08:44:02] local.INFO: Checking for scheduled messages to send at: 2025-03-13 08:44:02  
[2025-03-13 08:45:02] local.INFO: Checking for scheduled messages to send at: 2025-03-13 08:45:02  
[2025-03-13 08:46:01] local.INFO: Checking for scheduled messages to send at: 2025-03-13 08:46:01  
[2025-03-13 08:47:01] local.INFO: Checking for scheduled messages to send at: 2025-03-13 08:47:01  
[2025-03-13 08:48:02] local.INFO: Checking for scheduled messages to send at: 2025-03-13 08:48:02  
[2025-03-13 08:49:02] local.INFO: Checking for scheduled messages to send at: 2025-03-13 08:49:02  
[2025-03-13 08:50:01] local.INFO: Checking for scheduled messages to send at: 2025-03-13 08:50:01  
[2025-03-13 08:51:02] local.INFO: Checking for scheduled messages to send at: 2025-03-13 08:51:02  
[2025-03-13 08:52:02] local.INFO: Checking for scheduled messages to send at: 2025-03-13 08:52:02  
[2025-03-13 08:53:01] local.INFO: Checking for scheduled messages to send at: 2025-03-13 08:53:01  
[2025-03-13 08:54:02] local.INFO: Checking for scheduled messages to send at: 2025-03-13 08:54:02  
[2025-03-13 08:55:02] local.INFO: Checking for scheduled messages to send at: 2025-03-13 08:55:02  
[2025-03-13 08:56:01] local.INFO: Checking for scheduled messages to send at: 2025-03-13 08:56:01  
[2025-03-13 08:57:02] local.INFO: Checking for scheduled messages to send at: 2025-03-13 08:57:02  
[2025-03-13 08:58:02] local.INFO: Checking for scheduled messages to send at: 2025-03-13 08:58:02  
[2025-03-13 08:59:01] local.INFO: Checking for scheduled messages to send at: 2025-03-13 08:59:01  
[2025-03-13 09:00:01] local.INFO: Checking for scheduled messages to send at: 2025-03-13 09:00:01  
[2025-03-13 09:01:01] local.INFO: Checking for scheduled messages to send at: 2025-03-13 09:01:01  
[2025-03-13 09:02:02] local.INFO: Checking for scheduled messages to send at: 2025-03-13 09:02:02  
[2025-03-13 09:03:02] local.INFO: Checking for scheduled messages to send at: 2025-03-13 09:03:02  
[2025-03-13 09:04:01] local.INFO: Checking for scheduled messages to send at: 2025-03-13 09:04:01  
[2025-03-13 09:05:02] local.INFO: Checking for scheduled messages to send at: 2025-03-13 09:05:02  
[2025-03-13 09:06:02] local.INFO: Checking for scheduled messages to send at: 2025-03-13 09:06:02  
[2025-03-13 09:07:01] local.INFO: Checking for scheduled messages to send at: 2025-03-13 09:07:01  
[2025-03-13 09:08:02] local.INFO: Checking for scheduled messages to send at: 2025-03-13 09:08:02  
[2025-03-13 09:09:01] local.INFO: Checking for scheduled messages to send at: 2025-03-13 09:09:01  
[2025-03-13 09:10:02] local.INFO: Checking for scheduled messages to send at: 2025-03-13 09:10:02  
[2025-03-13 09:10:02] local.INFO: Pending Scheduled messages found: 0  
[2025-03-13 09:11:02] local.INFO: Checking for scheduled messages to send at: 2025-03-13 09:11:02  
[2025-03-13 09:11:02] local.INFO: Pending Scheduled messages found: 0  
[2025-03-13 09:12:01] local.INFO: Checking for scheduled messages to send at: 2025-03-13 09:12:01  
[2025-03-13 09:12:01] local.INFO: Pending Scheduled messages found: 0  
[2025-03-13 09:13:02] local.INFO: Checking for scheduled messages to send at: 2025-03-13 09:13:02  
[2025-03-13 09:13:02] local.INFO: Pending Scheduled messages found: 0  
[2025-03-13 09:14:02] local.INFO: Checking for scheduled messages to send at: 2025-03-13 09:14:02  
[2025-03-13 09:14:02] local.INFO: Pending Scheduled messages found: 0  
[2025-03-13 09:15:01] local.INFO: Checking for scheduled messages to send at: 2025-03-13 09:15:01  
[2025-03-13 09:15:01] local.INFO: Pending Scheduled messages found: 0  
[2025-03-13 09:16:01] local.INFO: Checking for scheduled messages to send at: 2025-03-13 09:16:01  
[2025-03-13 09:16:01] local.INFO: Pending Scheduled messages found: 0  
[2025-03-13 09:17:02] local.INFO: Checking for scheduled messages to send at: 2025-03-13 09:17:02  
[2025-03-13 09:17:02] local.INFO: Pending Scheduled messages found: 0  
[2025-03-13 09:18:02] local.INFO: Checking for scheduled messages to send at: 2025-03-13 09:18:02  
[2025-03-13 09:18:02] local.INFO: Pending Scheduled messages found: 0  
[2025-03-13 09:19:01] local.INFO: Checking for scheduled messages to send at: 2025-03-13 09:19:01  
[2025-03-13 09:19:01] local.INFO: Pending Scheduled messages found: 0  
[2025-03-13 09:20:02] local.INFO: Checking for scheduled messages to send at: 2025-03-13 09:20:02  
[2025-03-13 09:20:02] local.INFO: Pending Scheduled messages found: 0  
[2025-03-13 09:21:02] local.INFO: Checking for scheduled messages to send at: 2025-03-13 09:21:02  
[2025-03-13 09:21:02] local.INFO: Pending Scheduled messages found: 0  
[2025-03-13 09:22:02] local.INFO: Checking for scheduled messages to send at: 2025-03-13 09:22:02  
[2025-03-13 09:22:02] local.INFO: Pending Scheduled messages found: 0  
[2025-03-13 09:23:02] local.INFO: Checking for scheduled messages to send at: 2025-03-13 09:23:02  
[2025-03-13 09:23:02] local.INFO: Pending Scheduled messages found: 0  
[2025-03-13 09:24:01] local.INFO: Checking for scheduled messages to send at: 2025-03-13 09:24:01  
[2025-03-13 09:24:01] local.INFO: Pending Scheduled messages found: 0  
[2025-03-13 09:25:02] local.INFO: Checking for scheduled messages to send at: 2025-03-13 09:25:02  
[2025-03-13 09:25:02] local.INFO: Pending Scheduled messages found: 0  
[2025-03-13 09:26:02] local.INFO: Checking for scheduled messages to send at: 2025-03-13 09:26:02  
[2025-03-13 09:26:02] local.INFO: Pending Scheduled messages found: 0  
[2025-03-13 09:27:02] local.INFO: Checking for scheduled messages to send at: 2025-03-13 09:27:02  
[2025-03-13 09:27:02] local.INFO: Pending Scheduled messages found: 0  
[2025-03-13 09:28:01] local.INFO: Checking for scheduled messages to send at: 2025-03-13 09:28:01  
[2025-03-13 09:28:02] local.INFO: Pending Scheduled messages found: 0  
[2025-03-13 09:29:01] local.INFO: Checking for scheduled messages to send at: 2025-03-13 09:29:01  
[2025-03-13 09:29:01] local.INFO: Pending Scheduled messages found: 0  
[2025-03-13 09:30:02] local.INFO: Checking for scheduled messages to send at: 2025-03-13 09:30:02  
[2025-03-13 09:30:02] local.INFO: Pending Scheduled messages found: 0  
[2025-03-13 09:31:02] local.INFO: Checking for scheduled messages to send at: 2025-03-13 09:31:02  
[2025-03-13 09:31:02] local.INFO: Pending Scheduled messages found: 0  
[2025-03-13 09:32:02] local.INFO: Checking for scheduled messages to send at: 2025-03-13 09:32:02  
[2025-03-13 09:32:02] local.INFO: Pending Scheduled messages found: 0  
[2025-03-13 09:33:02] local.INFO: Checking for scheduled messages to send at: 2025-03-13 09:33:02  
[2025-03-13 09:33:02] local.INFO: Pending Scheduled messages found: 0  
[2025-03-13 09:34:01] local.INFO: Checking for scheduled messages to send at: 2025-03-13 09:34:01  
[2025-03-13 09:34:01] local.INFO: Pending Scheduled messages found: 0  
[2025-03-13 09:35:02] local.INFO: Checking for scheduled messages to send at: 2025-03-13 09:35:02  
[2025-03-13 09:35:02] local.INFO: Pending Scheduled messages found: 0  
[2025-03-13 09:36:02] local.INFO: Checking for scheduled messages to send at: 2025-03-13 09:36:02  
[2025-03-13 09:36:02] local.INFO: Pending Scheduled messages found: 0  
[2025-03-13 09:37:02] local.INFO: Checking for scheduled messages to send at: 2025-03-13 09:37:02  
[2025-03-13 09:37:02] local.INFO: Pending Scheduled messages found: 0  
[2025-03-13 09:38:02] local.INFO: Checking for scheduled messages to send at: 2025-03-13 09:38:02  
[2025-03-13 09:38:02] local.INFO: Pending Scheduled messages found: 0  
[2025-03-13 09:39:01] local.INFO: Checking for scheduled messages to send at: 2025-03-13 09:39:01  
[2025-03-13 09:39:01] local.INFO: Pending Scheduled messages found: 0  
[2025-03-13 09:40:02] local.INFO: Checking for scheduled messages to send at: 2025-03-13 09:40:02  
[2025-03-13 09:40:02] local.INFO: Pending Scheduled messages found: 0  
[2025-03-13 09:41:02] local.INFO: Checking for scheduled messages to send at: 2025-03-13 09:41:02  
[2025-03-13 09:41:02] local.INFO: Pending Scheduled messages found: 0  
[2025-03-13 09:42:02] local.INFO: Checking for scheduled messages to send at: 2025-03-13 09:42:02  
[2025-03-13 09:42:02] local.INFO: Pending Scheduled messages found: 0  
[2025-03-13 09:43:02] local.INFO: Checking for scheduled messages to send at: 2025-03-13 09:43:02  
[2025-03-13 09:43:02] local.INFO: Pending Scheduled messages found: 0  
[2025-03-13 09:44:01] local.INFO: Checking for scheduled messages to send at: 2025-03-13 09:44:01  
[2025-03-13 09:44:01] local.INFO: Pending Scheduled messages found: 0  
[2025-03-13 09:45:02] local.INFO: Checking for scheduled messages to send at: 2025-03-13 09:45:02  
[2025-03-13 09:45:02] local.INFO: Pending Scheduled messages found: 0  
[2025-03-13 09:46:02] local.INFO: Checking for scheduled messages to send at: 2025-03-13 09:46:02  
[2025-03-13 09:46:02] local.INFO: Pending Scheduled messages found: 0  
[2025-03-13 09:47:02] local.INFO: Checking for scheduled messages to send at: 2025-03-13 09:47:02  
[2025-03-13 09:47:02] local.INFO: Pending Scheduled messages found: 0  
[2025-03-13 09:48:01] local.INFO: Checking for scheduled messages to send at: 2025-03-13 09:48:01  
[2025-03-13 09:48:01] local.INFO: Pending Scheduled messages found: 0  
[2025-03-13 09:49:01] local.INFO: Checking for scheduled messages to send at: 2025-03-13 09:49:01  
[2025-03-13 09:49:01] local.INFO: Pending Scheduled messages found: 0  
[2025-03-13 09:50:02] local.INFO: Checking for scheduled messages to send at: 2025-03-13 09:50:02  
[2025-03-13 09:50:02] local.INFO: Pending Scheduled messages found: 0  
[2025-03-13 09:51:02] local.INFO: Checking for scheduled messages to send at: 2025-03-13 09:51:02  
[2025-03-13 09:51:02] local.INFO: Pending Scheduled messages found: 0  
[2025-03-13 09:52:02] local.INFO: Checking for scheduled messages to send at: 2025-03-13 09:52:02  
[2025-03-13 09:52:02] local.INFO: Pending Scheduled messages found: 0  
[2025-03-13 09:53:01] local.INFO: Checking for scheduled messages to send at: 2025-03-13 09:53:01  
[2025-03-13 09:53:01] local.INFO: Pending Scheduled messages found: 0  
[2025-03-13 09:54:02] local.INFO: Checking for scheduled messages to send at: 2025-03-13 09:54:02  
[2025-03-13 09:54:02] local.INFO: Pending Scheduled messages found: 0  
[2025-03-13 09:55:02] local.INFO: Checking for scheduled messages to send at: 2025-03-13 09:55:02  
[2025-03-13 09:55:02] local.INFO: Pending Scheduled messages found: 0  
[2025-03-13 09:56:01] local.INFO: Checking for scheduled messages to send at: 2025-03-13 09:56:01  
[2025-03-13 09:56:01] local.INFO: Pending Scheduled messages found: 0  
[2025-03-13 09:57:02] local.INFO: Checking for scheduled messages to send at: 2025-03-13 09:57:02  
[2025-03-13 09:57:02] local.INFO: Pending Scheduled messages found: 0  
[2025-03-13 09:58:02] local.INFO: Checking for scheduled messages to send at: 2025-03-13 09:58:02  
[2025-03-13 09:58:02] local.INFO: Pending Scheduled messages found: 0  
[2025-03-13 09:59:02] local.INFO: Checking for scheduled messages to send at: 2025-03-13 09:59:02  
[2025-03-13 09:59:02] local.INFO: Pending Scheduled messages found: 0  
[2025-03-13 10:00:02] local.INFO: Checking for scheduled messages to send at: 2025-03-13 10:00:02  
[2025-03-13 10:00:02] local.INFO: Pending Scheduled messages found: 0  
[2025-03-13 10:01:01] local.INFO: Checking for scheduled messages to send at: 2025-03-13 10:01:01  
[2025-03-13 10:01:01] local.INFO: Pending Scheduled messages found: 0  
[2025-03-13 10:02:02] local.INFO: Checking for scheduled messages to send at: 2025-03-13 10:02:02  
[2025-03-13 10:02:02] local.INFO: Pending Scheduled messages found: 0  
[2025-03-13 10:03:02] local.INFO: Checking for scheduled messages to send at: 2025-03-13 10:03:02  
[2025-03-13 10:03:02] local.INFO: Pending Scheduled messages found: 0  
[2025-03-13 10:04:02] local.INFO: Checking for scheduled messages to send at: 2025-03-13 10:04:02  
[2025-03-13 10:04:02] local.INFO: Pending Scheduled messages found: 0  
[2025-03-13 10:05:01] local.INFO: Checking for scheduled messages to send at: 2025-03-13 10:05:01  
[2025-03-13 10:05:01] local.INFO: Pending Scheduled messages found: 0  
[2025-03-13 10:06:01] local.INFO: Checking for scheduled messages to send at: 2025-03-13 10:06:01  
[2025-03-13 10:06:01] local.INFO: Pending Scheduled messages found: 0  
[2025-03-13 10:07:02] local.INFO: Checking for scheduled messages to send at: 2025-03-13 10:07:02  
[2025-03-13 10:07:02] local.INFO: Pending Scheduled messages found: 0  
[2025-03-13 10:08:02] local.INFO: Checking for scheduled messages to send at: 2025-03-13 10:08:02  
[2025-03-13 10:08:02] local.INFO: Pending Scheduled messages found: 0  
[2025-03-13 10:09:02] local.INFO: Checking for scheduled messages to send at: 2025-03-13 10:09:02  
[2025-03-13 10:09:02] local.INFO: Pending Scheduled messages found: 0  
[2025-03-13 10:10:01] local.INFO: Checking for scheduled messages to send at: 2025-03-13 10:10:01  
[2025-03-13 10:10:01] local.INFO: Pending Scheduled messages found: 0  
[2025-03-13 10:11:02] local.INFO: Checking for scheduled messages to send at: 2025-03-13 10:11:02  
[2025-03-13 10:11:02] local.INFO: Pending Scheduled messages found: 0  
[2025-03-13 10:12:02] local.INFO: Checking for scheduled messages to send at: 2025-03-13 10:12:02  
[2025-03-13 10:12:02] local.INFO: Pending Scheduled messages found: 0  
[2025-03-13 10:13:02] local.INFO: Checking for scheduled messages to send at: 2025-03-13 10:13:02  
[2025-03-13 10:13:02] local.INFO: Pending Scheduled messages found: 0  
[2025-03-13 10:14:01] local.INFO: Checking for scheduled messages to send at: 2025-03-13 10:14:01  
[2025-03-13 10:14:01] local.INFO: Pending Scheduled messages found: 0  
[2025-03-13 10:15:01] local.INFO: Checking for scheduled messages to send at: 2025-03-13 10:15:01  
[2025-03-13 10:15:01] local.INFO: Pending Scheduled messages found: 0  
[2025-03-13 10:16:02] local.INFO: Checking for scheduled messages to send at: 2025-03-13 10:16:02  
[2025-03-13 10:16:02] local.INFO: Pending Scheduled messages found: 0  
[2025-03-13 10:17:02] local.INFO: Checking for scheduled messages to send at: 2025-03-13 10:17:02  
[2025-03-13 10:17:02] local.INFO: Pending Scheduled messages found: 0  
[2025-03-13 10:18:02] local.INFO: Checking for scheduled messages to send at: 2025-03-13 10:18:02  
[2025-03-13 10:18:02] local.INFO: Pending Scheduled messages found: 0  
[2025-03-13 10:19:01] local.INFO: Checking for scheduled messages to send at: 2025-03-13 10:19:01  
[2025-03-13 10:19:01] local.INFO: Pending Scheduled messages found: 0  
[2025-03-13 10:20:01] local.INFO: Checking for scheduled messages to send at: 2025-03-13 10:20:01  
[2025-03-13 10:20:01] local.INFO: Pending Scheduled messages found: 0  
[2025-03-13 10:21:02] local.INFO: Checking for scheduled messages to send at: 2025-03-13 10:21:02  
[2025-03-13 10:21:02] local.INFO: Pending Scheduled messages found: 0  
[2025-03-13 10:22:02] local.INFO: Checking for scheduled messages to send at: 2025-03-13 10:22:02  
[2025-03-13 10:22:02] local.INFO: Pending Scheduled messages found: 0  
[2025-03-13 10:23:02] local.INFO: Checking for scheduled messages to send at: 2025-03-13 10:23:02  
[2025-03-13 10:23:02] local.INFO: Pending Scheduled messages found: 0  
[2025-03-13 10:24:02] local.INFO: Checking for scheduled messages to send at: 2025-03-13 10:24:02  
[2025-03-13 10:24:02] local.INFO: Pending Scheduled messages found: 0  
[2025-03-13 10:25:02] local.INFO: Checking for scheduled messages to send at: 2025-03-13 10:25:02  
[2025-03-13 10:25:02] local.INFO: Pending Scheduled messages found: 0  
[2025-03-13 10:26:01] local.INFO: Checking for scheduled messages to send at: 2025-03-13 10:26:01  
[2025-03-13 10:26:01] local.INFO: Pending Scheduled messages found: 0  
[2025-03-13 10:27:02] local.INFO: Checking for scheduled messages to send at: 2025-03-13 10:27:02  
[2025-03-13 10:27:02] local.INFO: Pending Scheduled messages found: 0  
[2025-03-13 10:28:02] local.INFO: Checking for scheduled messages to send at: 2025-03-13 10:28:02  
[2025-03-13 10:28:02] local.INFO: Pending Scheduled messages found: 0  
