[2025-03-12 18:11:02] local.INFO: Checking for scheduled messages to send at: 2025-03-12 18:11:02  
[2025-03-12 18:11:02] local.INFO: Pending Scheduled messages found: 0  
[2025-03-12 18:12:02] local.INFO: Checking for scheduled messages to send at: 2025-03-12 18:12:02  
[2025-03-12 18:12:02] local.INFO: Pending Scheduled messages found: 0  
[2025-03-12 18:13:02] local.INFO: Checking for scheduled messages to send at: 2025-03-12 18:13:02  
[2025-03-12 18:13:02] local.INFO: Pending Scheduled messages found: 1  
[2025-03-12 18:13:02] local.INFO: Processing message for User ID: 1  
[2025-03-12 18:13:02] local.INFO: Final phone: 2347033274155  
[2025-03-12 18:13:02] local.INFO: scheduled message: ====================  
[2025-03-12 18:14:02] local.INFO: Checking for scheduled messages to send at: 2025-03-12 18:14:02  
[2025-03-12 18:14:02] local.INFO: Pending Scheduled messages found: 0  
[2025-03-12 18:15:01] local.INFO: Checking for scheduled messages to send at: 2025-03-12 18:15:01  
[2025-03-12 18:15:01] local.INFO: Pending Scheduled messages found: 3  
[2025-03-12 18:15:01] local.INFO: Processing message for User ID: 1  
[2025-03-12 18:15:01] local.INFO: Final phone: 2347033274155  
[2025-03-12 18:15:02] local.INFO: scheduled message: ====================  
[2025-03-12 18:15:02] local.INFO: Processing message for User ID: 1  
[2025-03-12 18:15:02] local.INFO: Final phone: 2347033274155  
[2025-03-12 18:15:02] local.INFO: scheduled message: ====================  
[2025-03-12 18:15:02] local.INFO: Processing message for User ID: 1  
[2025-03-12 18:15:02] local.INFO: Final phone: 2346070707070  
[2025-03-12 18:15:02] local.INFO: scheduled message: ====================  
[2025-03-12 18:15:02] local.INFO: Final phone: 23470707070707  
[2025-03-12 18:15:02] local.INFO: scheduled message: ====================  
[2025-03-12 18:16:02] local.INFO: Checking for scheduled messages to send at: 2025-03-12 18:16:02  
[2025-03-12 18:16:02] local.INFO: Pending Scheduled messages found: 0  
[2025-03-12 18:17:02] local.INFO: Checking for scheduled messages to send at: 2025-03-12 18:17:02  
[2025-03-12 18:17:02] local.INFO: Pending Scheduled messages found: 1  
[2025-03-12 18:17:02] local.INFO: Processing message for User ID: 1  
[2025-03-12 18:17:02] local.INFO: Final phone: 2346070707070  
[2025-03-12 18:17:02] local.INFO: scheduled message: ====================  
[2025-03-12 18:17:02] local.INFO: Final phone: 23470707070707  
[2025-03-12 18:17:02] local.INFO: scheduled message: ====================  
[2025-03-12 18:18:02] local.INFO: Checking for scheduled messages to send at: 2025-03-12 18:18:02  
[2025-03-12 18:18:02] local.INFO: Pending Scheduled messages found: 0  
[2025-03-12 18:19:02] local.INFO: Checking for scheduled messages to send at: 2025-03-12 18:19:02  
[2025-03-12 18:19:02] local.INFO: Pending Scheduled messages found: 1  
[2025-03-12 18:19:02] local.INFO: Processing message for User ID: 1  
[2025-03-12 18:19:02] local.INFO: Final phone: 2346070707070  
[2025-03-12 18:19:02] local.INFO: scheduled message: ====================  
[2025-03-12 18:19:02] local.INFO: Final phone: 23470707070707  
[2025-03-12 18:19:02] local.INFO: scheduled message: ====================  
[2025-03-12 18:20:02] local.INFO: Checking for scheduled messages to send at: 2025-03-12 18:20:02  
[2025-03-12 18:20:02] local.INFO: Pending Scheduled messages found: 0  
[2025-03-12 18:21:02] local.INFO: Checking for scheduled messages to send at: 2025-03-12 18:21:02  
[2025-03-12 18:21:02] local.INFO: Pending Scheduled messages found: 0  
[2025-03-12 18:22:02] local.INFO: Checking for scheduled messages to send at: 2025-03-12 18:22:02  
[2025-03-12 18:22:02] local.INFO: Pending Scheduled messages found: 0  
[2025-03-12 18:23:01] local.INFO: Checking for scheduled messages to send at: 2025-03-12 18:23:01  
[2025-03-12 18:23:01] local.INFO: Pending Scheduled messages found: 0  
[2025-03-12 18:24:02] local.INFO: Checking for scheduled messages to send at: 2025-03-12 18:24:02  
[2025-03-12 18:24:02] local.INFO: Pending Scheduled messages found: 1  
[2025-03-12 18:24:02] local.INFO: Processing message for User ID: 1  
[2025-03-12 18:24:02] local.INFO: Final phone: 2347033274155  
[2025-03-12 18:24:02] local.INFO: scheduled message: ====================  
[2025-03-12 18:24:02] local.INFO: Final phone: 2347063640410  
[2025-03-12 18:24:03] local.INFO: scheduled message: ====================  
[2025-03-12 18:25:02] local.INFO: Checking for scheduled messages to send at: 2025-03-12 18:25:02  
[2025-03-12 18:25:02] local.INFO: Pending Scheduled messages found: 0  
[2025-03-12 18:26:01] local.INFO: Checking for scheduled messages to send at: 2025-03-12 18:26:01  
[2025-03-12 18:26:02] local.INFO: Pending Scheduled messages found: 0  
[2025-03-12 18:27:01] local.INFO: Checking for scheduled messages to send at: 2025-03-12 18:27:01  
[2025-03-12 18:27:01] local.INFO: Pending Scheduled messages found: 0  
[2025-03-12 18:28:02] local.INFO: Checking for scheduled messages to send at: 2025-03-12 18:28:02  
[2025-03-12 18:28:02] local.INFO: Pending Scheduled messages found: 0  
[2025-03-12 18:29:02] local.INFO: Checking for scheduled messages to send at: 2025-03-12 18:29:02  
[2025-03-12 18:29:02] local.INFO: Pending Scheduled messages found: 0  
[2025-03-12 18:30:02] local.INFO: Checking for scheduled messages to send at: 2025-03-12 18:30:02  
[2025-03-12 18:30:02] local.INFO: Pending Scheduled messages found: 0  
[2025-03-12 18:32:02] local.INFO: Checking for scheduled messages to send at: 2025-03-12 18:32:02  
[2025-03-12 18:32:02] local.INFO: Pending Scheduled messages found: 0  
[2025-03-12 18:33:02] local.INFO: Checking for scheduled messages to send at: 2025-03-12 18:33:02  
[2025-03-12 18:33:02] local.INFO: Pending Scheduled messages found: 0  
[2025-03-12 18:35:01] local.INFO: Checking for scheduled messages to send at: 2025-03-12 18:35:01  
[2025-03-12 18:35:01] local.INFO: Pending Scheduled messages found: 0  
[2025-03-12 18:36:02] local.INFO: Checking for scheduled messages to send at: 2025-03-12 18:36:02  
[2025-03-12 18:36:02] local.INFO: Pending Scheduled messages found: 0  
[2025-03-12 18:37:02] local.INFO: Checking for scheduled messages to send at: 2025-03-12 18:37:02  
[2025-03-12 18:37:02] local.INFO: Pending Scheduled messages found: 0  
[2025-03-12 18:38:02] local.INFO: Checking for scheduled messages to send at: 2025-03-12 18:38:02  
[2025-03-12 18:38:02] local.INFO: Pending Scheduled messages found: 0  
[2025-03-12 18:39:02] local.INFO: Checking for scheduled messages to send at: 2025-03-12 18:39:02  
[2025-03-12 18:39:02] local.INFO: Pending Scheduled messages found: 0  
[2025-03-12 18:40:02] local.INFO: Checking for scheduled messages to send at: 2025-03-12 18:40:02  
[2025-03-12 18:40:02] local.INFO: Pending Scheduled messages found: 0  
[2025-03-12 18:41:02] local.INFO: Checking for scheduled messages to send at: 2025-03-12 18:41:02  
[2025-03-12 18:41:02] local.INFO: Pending Scheduled messages found: 0  
[2025-03-12 18:42:01] local.INFO: Checking for scheduled messages to send at: 2025-03-12 18:42:01  
[2025-03-12 18:42:01] local.INFO: Pending Scheduled messages found: 0  
[2025-03-12 18:43:01] local.INFO: Checking for scheduled messages to send at: 2025-03-12 18:43:01  
[2025-03-12 18:43:01] local.INFO: Pending Scheduled messages found: 0  
[2025-03-12 18:44:02] local.INFO: Checking for scheduled messages to send at: 2025-03-12 18:44:02  
[2025-03-12 18:44:02] local.INFO: Pending Scheduled messages found: 0  
[2025-03-12 18:45:02] local.INFO: Checking for scheduled messages to send at: 2025-03-12 18:45:02  
[2025-03-12 18:45:02] local.INFO: Pending Scheduled messages found: 0  
[2025-03-12 18:46:02] local.INFO: Checking for scheduled messages to send at: 2025-03-12 18:46:02  
[2025-03-12 18:46:02] local.INFO: Pending Scheduled messages found: 0  
[2025-03-12 18:47:02] local.INFO: Checking for scheduled messages to send at: 2025-03-12 18:47:02  
[2025-03-12 18:47:02] local.INFO: Pending Scheduled messages found: 0  
[2025-03-12 18:48:01] local.INFO: Checking for scheduled messages to send at: 2025-03-12 18:48:01  
[2025-03-12 18:48:01] local.INFO: Pending Scheduled messages found: 0  
[2025-03-12 18:49:02] local.INFO: Checking for scheduled messages to send at: 2025-03-12 18:49:02  
[2025-03-12 18:49:02] local.INFO: Pending Scheduled messages found: 0  
[2025-03-12 18:51:02] local.INFO: Checking for scheduled messages to send at: 2025-03-12 18:51:02  
[2025-03-12 18:51:02] local.INFO: Pending Scheduled messages found: 0  
[2025-03-12 18:52:01] local.INFO: Checking for scheduled messages to send at: 2025-03-12 18:52:01  
[2025-03-12 18:52:01] local.INFO: Pending Scheduled messages found: 0  
[2025-03-12 18:53:02] local.INFO: Checking for scheduled messages to send at: 2025-03-12 18:53:02  
[2025-03-12 18:53:02] local.INFO: Pending Scheduled messages found: 0  
[2025-03-12 18:54:02] local.INFO: Checking for scheduled messages to send at: 2025-03-12 18:54:02  
[2025-03-12 18:54:02] local.INFO: Pending Scheduled messages found: 0  
[2025-03-12 18:55:02] local.INFO: Checking for scheduled messages to send at: 2025-03-12 18:55:02  
[2025-03-12 18:55:02] local.INFO: Pending Scheduled messages found: 0  
[2025-03-12 18:56:01] local.INFO: Checking for scheduled messages to send at: 2025-03-12 18:56:01  
[2025-03-12 18:56:01] local.INFO: Pending Scheduled messages found: 0  
[2025-03-12 18:57:02] local.INFO: Checking for scheduled messages to send at: 2025-03-12 18:57:02  
[2025-03-12 18:57:02] local.INFO: Pending Scheduled messages found: 0  
[2025-03-12 18:58:02] local.INFO: Checking for scheduled messages to send at: 2025-03-12 18:58:02  
[2025-03-12 18:58:02] local.INFO: Pending Scheduled messages found: 0  
[2025-03-12 18:59:02] local.INFO: Checking for scheduled messages to send at: 2025-03-12 18:59:02  
[2025-03-12 18:59:02] local.INFO: Pending Scheduled messages found: 0  
[2025-03-12 19:00:02] local.INFO: Checking for scheduled messages to send at: 2025-03-12 19:00:02  
[2025-03-12 19:00:02] local.INFO: Pending Scheduled messages found: 0  
[2025-03-12 19:01:02] local.INFO: Checking for scheduled messages to send at: 2025-03-12 19:01:02  
[2025-03-12 19:01:02] local.INFO: Pending Scheduled messages found: 0  
[2025-03-12 19:02:02] local.INFO: Checking for scheduled messages to send at: 2025-03-12 19:02:02  
[2025-03-12 19:02:02] local.INFO: Pending Scheduled messages found: 0  
[2025-03-12 19:03:02] local.INFO: Checking for scheduled messages to send at: 2025-03-12 19:03:02  
[2025-03-12 19:03:02] local.INFO: Pending Scheduled messages found: 0  
[2025-03-12 19:04:01] local.INFO: Checking for scheduled messages to send at: 2025-03-12 19:04:01  
[2025-03-12 19:04:01] local.INFO: Pending Scheduled messages found: 0  
[2025-03-12 19:05:01] local.INFO: Checking for scheduled messages to send at: 2025-03-12 19:05:01  
[2025-03-12 19:05:01] local.INFO: Pending Scheduled messages found: 0  
[2025-03-12 19:06:01] local.INFO: Checking for scheduled messages to send at: 2025-03-12 19:06:01  
[2025-03-12 19:06:01] local.INFO: Pending Scheduled messages found: 0  
[2025-03-12 19:07:02] local.INFO: Checking for scheduled messages to send at: 2025-03-12 19:07:02  
[2025-03-12 19:07:02] local.INFO: Pending Scheduled messages found: 0  
[2025-03-12 19:08:02] local.INFO: Checking for scheduled messages to send at: 2025-03-12 19:08:02  
[2025-03-12 19:08:02] local.INFO: Pending Scheduled messages found: 0  
[2025-03-12 19:09:02] local.INFO: Checking for scheduled messages to send at: 2025-03-12 19:09:02  
[2025-03-12 19:09:02] local.INFO: Pending Scheduled messages found: 0  
[2025-03-12 19:10:01] local.INFO: Checking for scheduled messages to send at: 2025-03-12 19:10:01  
[2025-03-12 19:10:01] local.INFO: Pending Scheduled messages found: 0  
[2025-03-12 19:11:02] local.INFO: Checking for scheduled messages to send at: 2025-03-12 19:11:02  
[2025-03-12 19:11:02] local.INFO: Pending Scheduled messages found: 0  
[2025-03-12 19:12:02] local.INFO: Checking for scheduled messages to send at: 2025-03-12 19:12:02  
[2025-03-12 19:12:02] local.INFO: Pending Scheduled messages found: 0  
[2025-03-12 19:13:02] local.INFO: Checking for scheduled messages to send at: 2025-03-12 19:13:02  
[2025-03-12 19:13:02] local.INFO: Pending Scheduled messages found: 0  
[2025-03-12 19:14:02] local.INFO: Checking for scheduled messages to send at: 2025-03-12 19:14:02  
[2025-03-12 19:14:02] local.INFO: Pending Scheduled messages found: 0  
[2025-03-12 19:15:01] local.INFO: Checking for scheduled messages to send at: 2025-03-12 19:15:01  
[2025-03-12 19:15:01] local.INFO: Pending Scheduled messages found: 0  
[2025-03-12 19:16:02] local.INFO: Checking for scheduled messages to send at: 2025-03-12 19:16:02  
[2025-03-12 19:16:02] local.INFO: Pending Scheduled messages found: 0  
[2025-03-12 19:17:02] local.INFO: Checking for scheduled messages to send at: 2025-03-12 19:17:02  
[2025-03-12 19:17:02] local.INFO: Pending Scheduled messages found: 0  
[2025-03-12 19:21:02] local.INFO: Checking for scheduled messages to send at: 2025-03-12 19:21:02  
[2025-03-12 19:21:02] local.INFO: Pending Scheduled messages found: 0  
[2025-03-12 19:22:02] local.INFO: Checking for scheduled messages to send at: 2025-03-12 19:22:02  
[2025-03-12 19:22:02] local.INFO: Pending Scheduled messages found: 0  
[2025-03-12 19:23:01] local.INFO: Checking for scheduled messages to send at: 2025-03-12 19:23:01  
[2025-03-12 19:23:02] local.INFO: Pending Scheduled messages found: 0  
[2025-03-12 19:24:01] local.INFO: Checking for scheduled messages to send at: 2025-03-12 19:24:01  
[2025-03-12 19:24:01] local.INFO: Pending Scheduled messages found: 0  
[2025-03-12 19:25:02] local.INFO: Checking for scheduled messages to send at: 2025-03-12 19:25:02  
[2025-03-12 19:25:02] local.INFO: Pending Scheduled messages found: 0  
[2025-03-12 19:26:02] local.INFO: Checking for scheduled messages to send at: 2025-03-12 19:26:02  
[2025-03-12 19:26:02] local.INFO: Pending Scheduled messages found: 0  
[2025-03-12 19:27:02] local.INFO: Checking for scheduled messages to send at: 2025-03-12 19:27:02  
[2025-03-12 19:27:02] local.INFO: Pending Scheduled messages found: 0  
[2025-03-12 19:28:02] local.INFO: Checking for scheduled messages to send at: 2025-03-12 19:28:01  
[2025-03-12 19:28:02] local.INFO: Pending Scheduled messages found: 0  
[2025-03-12 19:29:01] local.INFO: Checking for scheduled messages to send at: 2025-03-12 19:29:01  
[2025-03-12 19:29:01] local.INFO: Pending Scheduled messages found: 0  
[2025-03-12 19:30:02] local.INFO: Checking for scheduled messages to send at: 2025-03-12 19:30:02  
[2025-03-12 19:30:02] local.INFO: Pending Scheduled messages found: 0  
[2025-03-12 19:31:02] local.INFO: Checking for scheduled messages to send at: 2025-03-12 19:31:02  
[2025-03-12 19:31:02] local.INFO: Pending Scheduled messages found: 0  
[2025-03-12 19:32:02] local.INFO: Checking for scheduled messages to send at: 2025-03-12 19:32:02  
[2025-03-12 19:32:02] local.INFO: Pending Scheduled messages found: 0  
[2025-03-12 19:33:02] local.INFO: Checking for scheduled messages to send at: 2025-03-12 19:33:02  
[2025-03-12 19:33:02] local.INFO: Pending Scheduled messages found: 0  
[2025-03-12 19:34:02] local.INFO: Checking for scheduled messages to send at: 2025-03-12 19:34:02  
[2025-03-12 19:34:02] local.INFO: Pending Scheduled messages found: 0  
[2025-03-12 19:35:01] local.INFO: Checking for scheduled messages to send at: 2025-03-12 19:35:01  
[2025-03-12 19:35:01] local.INFO: Pending Scheduled messages found: 0  
[2025-03-12 19:36:02] local.INFO: Checking for scheduled messages to send at: 2025-03-12 19:36:02  
[2025-03-12 19:36:02] local.INFO: Pending Scheduled messages found: 0  
[2025-03-12 19:37:02] local.INFO: Checking for scheduled messages to send at: 2025-03-12 19:37:02  
[2025-03-12 19:37:02] local.INFO: Pending Scheduled messages found: 0  
[2025-03-12 19:38:01] local.INFO: Checking for scheduled messages to send at: 2025-03-12 19:38:01  
[2025-03-12 19:38:02] local.INFO: Pending Scheduled messages found: 0  
[2025-03-12 19:39:01] local.INFO: Checking for scheduled messages to send at: 2025-03-12 19:39:01  
[2025-03-12 19:39:01] local.INFO: Pending Scheduled messages found: 0  
[2025-03-12 19:40:02] local.INFO: Checking for scheduled messages to send at: 2025-03-12 19:40:02  
[2025-03-12 19:40:02] local.INFO: Pending Scheduled messages found: 0  
[2025-03-12 19:41:02] local.INFO: Checking for scheduled messages to send at: 2025-03-12 19:41:02  
[2025-03-12 19:41:02] local.INFO: Pending Scheduled messages found: 0  
[2025-03-12 19:42:01] local.INFO: Checking for scheduled messages to send at: 2025-03-12 19:42:01  
[2025-03-12 19:42:02] local.INFO: Pending Scheduled messages found: 0  
[2025-03-12 19:43:01] local.INFO: Checking for scheduled messages to send at: 2025-03-12 19:43:01  
[2025-03-12 19:43:01] local.INFO: Pending Scheduled messages found: 0  
[2025-03-12 19:44:02] local.INFO: Checking for scheduled messages to send at: 2025-03-12 19:44:02  
[2025-03-12 19:44:02] local.INFO: Pending Scheduled messages found: 0  
[2025-03-12 19:45:02] local.INFO: Checking for scheduled messages to send at: 2025-03-12 19:45:02  
[2025-03-12 19:45:02] local.INFO: Pending Scheduled messages found: 0  
[2025-03-12 19:46:02] local.INFO: Checking for scheduled messages to send at: 2025-03-12 19:46:02  
[2025-03-12 19:46:02] local.INFO: Pending Scheduled messages found: 0  
[2025-03-12 19:47:01] local.INFO: Checking for scheduled messages to send at: 2025-03-12 19:47:01  
[2025-03-12 19:47:01] local.INFO: Pending Scheduled messages found: 0  
[2025-03-12 19:48:02] local.INFO: Checking for scheduled messages to send at: 2025-03-12 19:48:02  
[2025-03-12 19:48:02] local.INFO: Pending Scheduled messages found: 0  
[2025-03-12 19:49:02] local.INFO: Checking for scheduled messages to send at: 2025-03-12 19:49:02  
[2025-03-12 19:49:02] local.INFO: Pending Scheduled messages found: 0  
[2025-03-12 19:50:01] local.INFO: Checking for scheduled messages to send at: 2025-03-12 19:50:01  
[2025-03-12 19:50:01] local.INFO: Pending Scheduled messages found: 0  
[2025-03-12 19:51:01] local.INFO: Checking for scheduled messages to send at: 2025-03-12 19:51:01  
[2025-03-12 19:51:01] local.INFO: Pending Scheduled messages found: 0  
[2025-03-12 19:52:02] local.INFO: Checking for scheduled messages to send at: 2025-03-12 19:52:02  
[2025-03-12 19:52:02] local.INFO: Pending Scheduled messages found: 0  
[2025-03-12 19:53:02] local.INFO: Checking for scheduled messages to send at: 2025-03-12 19:53:02  
[2025-03-12 19:53:02] local.INFO: Pending Scheduled messages found: 0  
[2025-03-12 19:54:01] local.INFO: Checking for scheduled messages to send at: 2025-03-12 19:54:01  
[2025-03-12 19:54:01] local.INFO: Pending Scheduled messages found: 0  
[2025-03-12 19:55:02] local.INFO: Checking for scheduled messages to send at: 2025-03-12 19:55:02  
[2025-03-12 19:55:02] local.INFO: Pending Scheduled messages found: 0  
[2025-03-12 19:56:02] local.INFO: Checking for scheduled messages to send at: 2025-03-12 19:56:02  
[2025-03-12 19:56:02] local.INFO: Pending Scheduled messages found: 0  
[2025-03-12 19:57:02] local.INFO: Checking for scheduled messages to send at: 2025-03-12 19:57:02  
[2025-03-12 19:57:02] local.INFO: Pending Scheduled messages found: 0  
[2025-03-12 19:58:01] local.INFO: Checking for scheduled messages to send at: 2025-03-12 19:58:01  
[2025-03-12 19:58:01] local.INFO: Pending Scheduled messages found: 0  
[2025-03-12 19:59:02] local.INFO: Checking for scheduled messages to send at: 2025-03-12 19:59:02  
[2025-03-12 19:59:02] local.INFO: Pending Scheduled messages found: 0  
[2025-03-12 20:00:02] local.INFO: Checking for scheduled messages to send at: 2025-03-12 20:00:02  
[2025-03-12 20:00:02] local.INFO: Pending Scheduled messages found: 0  
[2025-03-12 20:01:02] local.INFO: Checking for scheduled messages to send at: 2025-03-12 20:01:02  
[2025-03-12 20:01:02] local.INFO: Pending Scheduled messages found: 0  
[2025-03-12 20:02:02] local.INFO: Checking for scheduled messages to send at: 2025-03-12 20:02:02  
[2025-03-12 20:02:02] local.INFO: Pending Scheduled messages found: 0  
[2025-03-12 20:03:01] local.INFO: Checking for scheduled messages to send at: 2025-03-12 20:03:01  
[2025-03-12 20:03:01] local.INFO: Pending Scheduled messages found: 0  
[2025-03-12 20:04:02] local.INFO: Checking for scheduled messages to send at: 2025-03-12 20:04:02  
[2025-03-12 20:04:02] local.INFO: Pending Scheduled messages found: 0  
[2025-03-12 20:05:02] local.INFO: Checking for scheduled messages to send at: 2025-03-12 20:05:02  
[2025-03-12 20:05:02] local.INFO: Pending Scheduled messages found: 0  
[2025-03-12 20:06:02] local.INFO: Checking for scheduled messages to send at: 2025-03-12 20:06:02  
[2025-03-12 20:06:02] local.INFO: Pending Scheduled messages found: 0  
[2025-03-12 20:07:01] local.INFO: Checking for scheduled messages to send at: 2025-03-12 20:07:01  
[2025-03-12 20:07:01] local.INFO: Pending Scheduled messages found: 0  
[2025-03-12 20:08:02] local.INFO: Checking for scheduled messages to send at: 2025-03-12 20:08:02  
[2025-03-12 20:08:02] local.INFO: Pending Scheduled messages found: 0  
[2025-03-12 20:09:02] local.INFO: Checking for scheduled messages to send at: 2025-03-12 20:09:02  
[2025-03-12 20:09:02] local.INFO: Pending Scheduled messages found: 0  
[2025-03-12 20:10:02] local.INFO: Checking for scheduled messages to send at: 2025-03-12 20:10:01  
[2025-03-12 20:10:02] local.INFO: Pending Scheduled messages found: 0  
[2025-03-12 20:11:01] local.INFO: Checking for scheduled messages to send at: 2025-03-12 20:11:01  
[2025-03-12 20:11:01] local.INFO: Pending Scheduled messages found: 0  
[2025-03-12 20:12:02] local.INFO: Checking for scheduled messages to send at: 2025-03-12 20:12:02  
[2025-03-12 20:12:02] local.INFO: Pending Scheduled messages found: 0  
[2025-03-12 20:13:02] local.INFO: Checking for scheduled messages to send at: 2025-03-12 20:13:02  
[2025-03-12 20:13:02] local.INFO: Pending Scheduled messages found: 0  
[2025-03-12 20:14:01] local.INFO: Checking for scheduled messages to send at: 2025-03-12 20:14:01  
[2025-03-12 20:14:01] local.INFO: Pending Scheduled messages found: 0  
[2025-03-12 20:15:02] local.INFO: Checking for scheduled messages to send at: 2025-03-12 20:15:02  
[2025-03-12 20:15:02] local.INFO: Pending Scheduled messages found: 0  
[2025-03-12 20:16:02] local.INFO: Checking for scheduled messages to send at: 2025-03-12 20:16:02  
[2025-03-12 20:16:02] local.INFO: Pending Scheduled messages found: 0  
[2025-03-12 20:17:02] local.INFO: Checking for scheduled messages to send at: 2025-03-12 20:17:02  
[2025-03-12 20:17:02] local.INFO: Pending Scheduled messages found: 0  
[2025-03-12 20:18:02] local.INFO: Checking for scheduled messages to send at: 2025-03-12 20:18:02  
[2025-03-12 20:18:02] local.INFO: Pending Scheduled messages found: 0  
[2025-03-12 20:19:01] local.INFO: Checking for scheduled messages to send at: 2025-03-12 20:19:01  
[2025-03-12 20:19:01] local.INFO: Pending Scheduled messages found: 0  
[2025-03-12 20:20:01] local.INFO: Checking for scheduled messages to send at: 2025-03-12 20:20:01  
[2025-03-12 20:20:01] local.INFO: Pending Scheduled messages found: 0  
[2025-03-12 20:21:02] local.INFO: Checking for scheduled messages to send at: 2025-03-12 20:21:02  
[2025-03-12 20:21:02] local.INFO: Pending Scheduled messages found: 0  
[2025-03-12 20:22:02] local.INFO: Checking for scheduled messages to send at: 2025-03-12 20:22:02  
[2025-03-12 20:22:02] local.INFO: Pending Scheduled messages found: 0  
[2025-03-12 20:23:02] local.INFO: Checking for scheduled messages to send at: 2025-03-12 20:23:02  
[2025-03-12 20:23:02] local.INFO: Pending Scheduled messages found: 0  
[2025-03-12 20:24:01] local.INFO: Checking for scheduled messages to send at: 2025-03-12 20:24:01  
[2025-03-12 20:24:01] local.INFO: Pending Scheduled messages found: 0  
[2025-03-12 20:25:02] local.INFO: Checking for scheduled messages to send at: 2025-03-12 20:25:02  
[2025-03-12 20:25:02] local.INFO: Pending Scheduled messages found: 0  
[2025-03-12 20:26:02] local.INFO: Checking for scheduled messages to send at: 2025-03-12 20:26:02  
[2025-03-12 20:26:02] local.INFO: Pending Scheduled messages found: 0  
[2025-03-12 20:27:02] local.INFO: Checking for scheduled messages to send at: 2025-03-12 20:27:02  
[2025-03-12 20:27:02] local.INFO: Pending Scheduled messages found: 0  
[2025-03-12 20:28:02] local.INFO: Checking for scheduled messages to send at: 2025-03-12 20:28:02  
[2025-03-12 20:28:02] local.INFO: Pending Scheduled messages found: 0  
[2025-03-12 20:29:01] local.INFO: Checking for scheduled messages to send at: 2025-03-12 20:29:01  
[2025-03-12 20:29:01] local.INFO: Pending Scheduled messages found: 0  
[2025-03-12 21:29:17] local.INFO: Checking for scheduled messages to send at: 2025-03-12 21:29:17  
[2025-03-12 21:29:17] local.INFO: Pending Scheduled messages found: 0  
[2025-03-12 21:30:02] local.INFO: Checking for scheduled messages to send at: 2025-03-12 21:30:02  
[2025-03-12 21:30:02] local.INFO: Pending Scheduled messages found: 0  
[2025-03-12 21:31:01] local.INFO: Checking for scheduled messages to send at: 2025-03-12 21:31:01  
[2025-03-12 21:31:01] local.INFO: Pending Scheduled messages found: 0  
[2025-03-12 21:32:02] local.INFO: Checking for scheduled messages to send at: 2025-03-12 21:32:02  
[2025-03-12 21:32:02] local.INFO: Pending Scheduled messages found: 0  
[2025-03-12 21:33:02] local.INFO: Checking for scheduled messages to send at: 2025-03-12 21:33:02  
[2025-03-12 21:33:02] local.INFO: Pending Scheduled messages found: 0  
[2025-03-12 21:34:02] local.INFO: Checking for scheduled messages to send at: 2025-03-12 21:34:02  
[2025-03-12 21:34:02] local.INFO: Pending Scheduled messages found: 0  
[2025-03-12 21:35:02] local.INFO: Checking for scheduled messages to send at: 2025-03-12 21:35:02  
[2025-03-12 21:35:02] local.INFO: Pending Scheduled messages found: 0  
[2025-03-12 21:36:02] local.INFO: Checking for scheduled messages to send at: 2025-03-12 21:36:02  
[2025-03-12 21:36:02] local.INFO: Pending Scheduled messages found: 0  
[2025-03-12 21:37:02] local.INFO: Checking for scheduled messages to send at: 2025-03-12 21:37:02  
[2025-03-12 21:37:02] local.INFO: Pending Scheduled messages found: 0  
[2025-03-12 21:38:02] local.INFO: Checking for scheduled messages to send at: 2025-03-12 21:38:02  
[2025-03-12 21:38:02] local.INFO: Pending Scheduled messages found: 0  
[2025-03-12 21:39:02] local.INFO: Checking for scheduled messages to send at: 2025-03-12 21:39:02  
[2025-03-12 21:39:02] local.INFO: Pending Scheduled messages found: 0  
[2025-03-12 21:40:02] local.INFO: Checking for scheduled messages to send at: 2025-03-12 21:40:02  
[2025-03-12 21:40:02] local.INFO: Pending Scheduled messages found: 0  
[2025-03-12 21:41:02] local.INFO: Checking for scheduled messages to send at: 2025-03-12 21:41:02  
[2025-03-12 21:41:02] local.INFO: Pending Scheduled messages found: 0  
[2025-03-12 21:42:02] local.INFO: Checking for scheduled messages to send at: 2025-03-12 21:42:02  
[2025-03-12 21:42:02] local.INFO: Pending Scheduled messages found: 0  
[2025-03-12 21:43:01] local.INFO: Checking for scheduled messages to send at: 2025-03-12 21:43:01  
[2025-03-12 21:43:01] local.INFO: Pending Scheduled messages found: 0  
[2025-03-12 21:44:02] local.INFO: Checking for scheduled messages to send at: 2025-03-12 21:44:02  
[2025-03-12 21:44:02] local.INFO: Pending Scheduled messages found: 0  
[2025-03-12 21:45:02] local.INFO: Checking for scheduled messages to send at: 2025-03-12 21:45:02  
[2025-03-12 21:45:02] local.INFO: Pending Scheduled messages found: 0  
[2025-03-12 21:46:02] local.INFO: Checking for scheduled messages to send at: 2025-03-12 21:46:02  
[2025-03-12 21:46:02] local.INFO: Pending Scheduled messages found: 0  
[2025-03-12 21:47:02] local.INFO: Checking for scheduled messages to send at: 2025-03-12 21:47:02  
[2025-03-12 21:47:02] local.INFO: Pending Scheduled messages found: 0  
[2025-03-12 21:48:02] local.INFO: Checking for scheduled messages to send at: 2025-03-12 21:48:02  
[2025-03-12 21:48:02] local.INFO: Pending Scheduled messages found: 0  
[2025-03-12 21:49:02] local.INFO: Checking for scheduled messages to send at: 2025-03-12 21:49:02  
[2025-03-12 21:49:02] local.INFO: Pending Scheduled messages found: 0  
[2025-03-12 21:50:01] local.INFO: Checking for scheduled messages to send at: 2025-03-12 21:50:01  
[2025-03-12 21:50:02] local.INFO: Pending Scheduled messages found: 0  
[2025-03-12 21:51:01] local.INFO: Checking for scheduled messages to send at: 2025-03-12 21:51:01  
[2025-03-12 21:51:01] local.INFO: Pending Scheduled messages found: 0  
[2025-03-12 21:52:02] local.INFO: Checking for scheduled messages to send at: 2025-03-12 21:52:02  
[2025-03-12 21:52:02] local.INFO: Pending Scheduled messages found: 0  
[2025-03-12 21:53:02] local.INFO: Checking for scheduled messages to send at: 2025-03-12 21:53:02  
[2025-03-12 21:53:02] local.INFO: Pending Scheduled messages found: 0  
[2025-03-12 21:54:02] local.INFO: Checking for scheduled messages to send at: 2025-03-12 21:54:02  
[2025-03-12 21:54:02] local.INFO: Pending Scheduled messages found: 0  
[2025-03-12 21:55:02] local.INFO: Checking for scheduled messages to send at: 2025-03-12 21:55:02  
[2025-03-12 21:55:02] local.INFO: Pending Scheduled messages found: 0  
[2025-03-12 21:56:02] local.INFO: Checking for scheduled messages to send at: 2025-03-12 21:56:02  
[2025-03-12 21:56:02] local.INFO: Pending Scheduled messages found: 0  
[2025-03-12 21:57:02] local.INFO: Checking for scheduled messages to send at: 2025-03-12 21:57:02  
[2025-03-12 21:57:02] local.INFO: Pending Scheduled messages found: 0  
[2025-03-12 21:58:02] local.INFO: Checking for scheduled messages to send at: 2025-03-12 21:58:02  
[2025-03-12 21:58:02] local.INFO: Pending Scheduled messages found: 0  
[2025-03-12 21:59:02] local.INFO: Checking for scheduled messages to send at: 2025-03-12 21:59:02  
[2025-03-12 21:59:02] local.INFO: Pending Scheduled messages found: 0  
[2025-03-12 22:00:02] local.INFO: Checking for scheduled messages to send at: 2025-03-12 22:00:02  
[2025-03-12 22:00:02] local.INFO: Pending Scheduled messages found: 0  
[2025-03-12 22:01:02] local.INFO: Checking for scheduled messages to send at: 2025-03-12 22:01:02  
[2025-03-12 22:01:02] local.INFO: Pending Scheduled messages found: 0  
[2025-03-12 22:02:02] local.INFO: Checking for scheduled messages to send at: 2025-03-12 22:02:02  
[2025-03-12 22:02:02] local.INFO: Pending Scheduled messages found: 0  
[2025-03-12 22:03:01] local.INFO: Checking for scheduled messages to send at: 2025-03-12 22:03:01  
[2025-03-12 22:03:01] local.INFO: Pending Scheduled messages found: 0  
[2025-03-12 22:04:01] local.INFO: Checking for scheduled messages to send at: 2025-03-12 22:04:01  
[2025-03-12 22:04:01] local.INFO: Pending Scheduled messages found: 0  
[2025-03-12 22:05:02] local.INFO: Checking for scheduled messages to send at: 2025-03-12 22:05:02  
[2025-03-12 22:05:02] local.INFO: Pending Scheduled messages found: 0  
[2025-03-12 22:06:02] local.INFO: Checking for scheduled messages to send at: 2025-03-12 22:06:02  
[2025-03-12 22:06:02] local.INFO: Pending Scheduled messages found: 0  
[2025-03-12 22:07:02] local.INFO: Checking for scheduled messages to send at: 2025-03-12 22:07:02  
[2025-03-12 22:07:02] local.INFO: Pending Scheduled messages found: 0  
[2025-03-12 22:08:02] local.INFO: Checking for scheduled messages to send at: 2025-03-12 22:08:02  
[2025-03-12 22:08:02] local.INFO: Pending Scheduled messages found: 0  
[2025-03-12 22:09:02] local.INFO: Checking for scheduled messages to send at: 2025-03-12 22:09:02  
[2025-03-12 22:09:02] local.INFO: Pending Scheduled messages found: 0  
[2025-03-12 22:10:02] local.INFO: Checking for scheduled messages to send at: 2025-03-12 22:10:02  
[2025-03-12 22:10:02] local.INFO: Pending Scheduled messages found: 0  
[2025-03-12 22:11:02] local.INFO: Checking for scheduled messages to send at: 2025-03-12 22:11:02  
[2025-03-12 22:11:02] local.INFO: Pending Scheduled messages found: 0  
[2025-03-12 22:12:02] local.INFO: Checking for scheduled messages to send at: 2025-03-12 22:12:02  
[2025-03-12 22:12:02] local.INFO: Pending Scheduled messages found: 0  
[2025-03-12 22:13:02] local.INFO: Checking for scheduled messages to send at: 2025-03-12 22:13:02  
[2025-03-12 22:13:02] local.INFO: Pending Scheduled messages found: 0  
[2025-03-12 22:14:02] local.INFO: Checking for scheduled messages to send at: 2025-03-12 22:14:02  
[2025-03-12 22:14:02] local.INFO: Pending Scheduled messages found: 0  
[2025-03-12 22:15:02] local.INFO: Checking for scheduled messages to send at: 2025-03-12 22:15:02  
[2025-03-12 22:15:02] local.INFO: Pending Scheduled messages found: 0  
[2025-03-12 22:17:01] local.INFO: Checking for scheduled messages to send at: 2025-03-12 22:17:01  
[2025-03-12 22:17:01] local.INFO: Pending Scheduled messages found: 0  
[2025-03-12 22:18:02] local.INFO: Checking for scheduled messages to send at: 2025-03-12 22:18:02  
[2025-03-12 22:18:02] local.INFO: Pending Scheduled messages found: 0  
[2025-03-12 22:19:02] local.INFO: Checking for scheduled messages to send at: 2025-03-12 22:19:02  
[2025-03-12 22:19:03] local.INFO: Pending Scheduled messages found: 0  
[2025-03-12 22:20:02] local.INFO: Checking for scheduled messages to send at: 2025-03-12 22:20:02  
[2025-03-12 22:20:02] local.INFO: Pending Scheduled messages found: 0  
[2025-03-12 22:21:02] local.INFO: Checking for scheduled messages to send at: 2025-03-12 22:21:01  
[2025-03-12 22:21:02] local.INFO: Pending Scheduled messages found: 0  
[2025-03-12 22:22:01] local.INFO: Checking for scheduled messages to send at: 2025-03-12 22:22:01  
[2025-03-12 22:22:02] local.INFO: Pending Scheduled messages found: 0  
[2025-03-12 22:23:01] local.INFO: Checking for scheduled messages to send at: 2025-03-12 22:23:01  
[2025-03-12 22:23:01] local.INFO: Pending Scheduled messages found: 0  
[2025-03-12 22:24:02] local.INFO: Checking for scheduled messages to send at: 2025-03-12 22:24:02  
[2025-03-12 22:24:02] local.INFO: Pending Scheduled messages found: 0  
[2025-03-12 22:25:02] local.INFO: Checking for scheduled messages to send at: 2025-03-12 22:25:02  
[2025-03-12 22:25:02] local.INFO: Pending Scheduled messages found: 0  
[2025-03-12 22:26:02] local.INFO: Checking for scheduled messages to send at: 2025-03-12 22:26:02  
[2025-03-12 22:26:02] local.INFO: Pending Scheduled messages found: 0  
[2025-03-12 22:27:02] local.INFO: Checking for scheduled messages to send at: 2025-03-12 22:27:02  
[2025-03-12 22:27:02] local.INFO: Pending Scheduled messages found: 0  
[2025-03-12 22:28:02] local.INFO: Checking for scheduled messages to send at: 2025-03-12 22:28:02  
[2025-03-12 22:28:02] local.INFO: Pending Scheduled messages found: 0  
[2025-03-12 22:29:02] local.INFO: Checking for scheduled messages to send at: 2025-03-12 22:29:02  
[2025-03-12 22:29:02] local.INFO: Pending Scheduled messages found: 0  
[2025-03-12 22:30:02] local.INFO: Checking for scheduled messages to send at: 2025-03-12 22:30:02  
[2025-03-12 22:30:02] local.INFO: Pending Scheduled messages found: 0  
[2025-03-12 22:31:02] local.INFO: Checking for scheduled messages to send at: 2025-03-12 22:31:02  
[2025-03-12 22:31:02] local.INFO: Pending Scheduled messages found: 0  
[2025-03-12 22:32:02] local.INFO: Checking for scheduled messages to send at: 2025-03-12 22:32:02  
[2025-03-12 22:32:02] local.INFO: Pending Scheduled messages found: 0  
[2025-03-12 22:33:02] local.INFO: Checking for scheduled messages to send at: 2025-03-12 22:33:02  
[2025-03-12 22:33:02] local.INFO: Pending Scheduled messages found: 0  
[2025-03-12 22:34:02] local.INFO: Checking for scheduled messages to send at: 2025-03-12 22:34:02  
[2025-03-12 22:34:02] local.INFO: Pending Scheduled messages found: 0  
[2025-03-12 22:35:02] local.INFO: Checking for scheduled messages to send at: 2025-03-12 22:35:02  
[2025-03-12 22:35:02] local.INFO: Pending Scheduled messages found: 0  
[2025-03-12 22:36:01] local.INFO: Checking for scheduled messages to send at: 2025-03-12 22:36:01  
[2025-03-12 22:36:01] local.INFO: Pending Scheduled messages found: 0  
[2025-03-12 22:37:02] local.INFO: Checking for scheduled messages to send at: 2025-03-12 22:37:02  
[2025-03-12 22:37:03] local.INFO: Pending Scheduled messages found: 0  
[2025-03-12 22:38:01] local.INFO: Checking for scheduled messages to send at: 2025-03-12 22:38:01  
[2025-03-12 22:38:01] local.INFO: Pending Scheduled messages found: 0  
[2025-03-12 22:39:02] local.INFO: Checking for scheduled messages to send at: 2025-03-12 22:39:02  
[2025-03-12 22:39:02] local.INFO: Pending Scheduled messages found: 0  
[2025-03-12 22:40:02] local.INFO: Checking for scheduled messages to send at: 2025-03-12 22:40:02  
[2025-03-12 22:40:02] local.INFO: Pending Scheduled messages found: 0  
[2025-03-12 22:41:02] local.INFO: Checking for scheduled messages to send at: 2025-03-12 22:41:02  
[2025-03-12 22:41:02] local.INFO: Pending Scheduled messages found: 0  
[2025-03-12 22:42:02] local.INFO: Checking for scheduled messages to send at: 2025-03-12 22:42:02  
[2025-03-12 22:42:02] local.INFO: Pending Scheduled messages found: 0  
[2025-03-12 22:43:02] local.INFO: Checking for scheduled messages to send at: 2025-03-12 22:43:02  
[2025-03-12 22:43:02] local.INFO: Pending Scheduled messages found: 0  
[2025-03-12 22:44:02] local.INFO: Checking for scheduled messages to send at: 2025-03-12 22:44:02  
[2025-03-12 22:44:02] local.INFO: Pending Scheduled messages found: 0  
[2025-03-12 22:45:02] local.INFO: Checking for scheduled messages to send at: 2025-03-12 22:45:02  
[2025-03-12 22:45:02] local.INFO: Pending Scheduled messages found: 0  
[2025-03-12 22:46:02] local.INFO: Checking for scheduled messages to send at: 2025-03-12 22:46:02  
[2025-03-12 22:46:02] local.INFO: Pending Scheduled messages found: 0  
[2025-03-12 22:47:02] local.INFO: Checking for scheduled messages to send at: 2025-03-12 22:47:02  
[2025-03-12 22:47:02] local.INFO: Pending Scheduled messages found: 0  
[2025-03-12 22:48:02] local.INFO: Checking for scheduled messages to send at: 2025-03-12 22:48:02  
[2025-03-12 22:48:02] local.INFO: Pending Scheduled messages found: 0  
[2025-03-12 22:49:02] local.INFO: Checking for scheduled messages to send at: 2025-03-12 22:49:02  
[2025-03-12 22:49:02] local.INFO: Pending Scheduled messages found: 0  
[2025-03-12 22:50:02] local.INFO: Checking for scheduled messages to send at: 2025-03-12 22:50:02  
[2025-03-12 22:50:02] local.INFO: Pending Scheduled messages found: 0  
[2025-03-12 22:51:02] local.INFO: Checking for scheduled messages to send at: 2025-03-12 22:51:02  
[2025-03-12 22:51:02] local.INFO: Pending Scheduled messages found: 0  
[2025-03-12 22:52:02] local.INFO: Checking for scheduled messages to send at: 2025-03-12 22:52:02  
[2025-03-12 22:52:02] local.INFO: Pending Scheduled messages found: 0  
[2025-03-12 22:53:02] local.INFO: Checking for scheduled messages to send at: 2025-03-12 22:53:02  
[2025-03-12 22:53:02] local.INFO: Pending Scheduled messages found: 0  
[2025-03-12 22:54:02] local.INFO: Checking for scheduled messages to send at: 2025-03-12 22:54:02  
[2025-03-12 22:54:02] local.INFO: Pending Scheduled messages found: 0  
[2025-03-12 22:55:02] local.INFO: Checking for scheduled messages to send at: 2025-03-12 22:55:02  
[2025-03-12 22:55:02] local.INFO: Pending Scheduled messages found: 0  
[2025-03-12 22:56:02] local.INFO: Checking for scheduled messages to send at: 2025-03-12 22:56:02  
[2025-03-12 22:56:02] local.INFO: Pending Scheduled messages found: 0  
[2025-03-12 22:57:01] local.INFO: Checking for scheduled messages to send at: 2025-03-12 22:57:01  
[2025-03-12 22:57:01] local.INFO: Pending Scheduled messages found: 0  
[2025-03-12 22:58:02] local.INFO: Checking for scheduled messages to send at: 2025-03-12 22:58:02  
[2025-03-12 22:58:02] local.INFO: Pending Scheduled messages found: 0  
[2025-03-12 22:59:02] local.INFO: Checking for scheduled messages to send at: 2025-03-12 22:59:02  
[2025-03-12 22:59:02] local.INFO: Pending Scheduled messages found: 0  
[2025-03-12 23:00:03] local.INFO: Checking for scheduled messages to send at: 2025-03-12 23:00:03  
[2025-03-12 23:00:03] local.INFO: Pending Scheduled messages found: 0  
[2025-03-12 23:01:01] local.INFO: Checking for scheduled messages to send at: 2025-03-12 23:01:01  
[2025-03-12 23:01:01] local.INFO: Pending Scheduled messages found: 0  
[2025-03-12 23:02:02] local.INFO: Checking for scheduled messages to send at: 2025-03-12 23:02:02  
[2025-03-12 23:02:02] local.INFO: Pending Scheduled messages found: 0  
[2025-03-12 23:03:02] local.INFO: Checking for scheduled messages to send at: 2025-03-12 23:03:02  
[2025-03-12 23:03:02] local.INFO: Pending Scheduled messages found: 0  
[2025-03-12 23:04:02] local.INFO: Checking for scheduled messages to send at: 2025-03-12 23:04:02  
[2025-03-12 23:04:02] local.INFO: Pending Scheduled messages found: 0  
[2025-03-12 23:05:01] local.INFO: Checking for scheduled messages to send at: 2025-03-12 23:05:01  
[2025-03-12 23:05:01] local.INFO: Pending Scheduled messages found: 0  
[2025-03-12 23:06:01] local.INFO: Checking for scheduled messages to send at: 2025-03-12 23:06:01  
[2025-03-12 23:06:02] local.INFO: Pending Scheduled messages found: 0  
[2025-03-12 23:07:02] local.INFO: Checking for scheduled messages to send at: 2025-03-12 23:07:02  
[2025-03-12 23:07:02] local.INFO: Pending Scheduled messages found: 0  
[2025-03-12 23:08:01] local.INFO: Checking for scheduled messages to send at: 2025-03-12 23:08:01  
[2025-03-12 23:08:01] local.INFO: Pending Scheduled messages found: 0  
[2025-03-12 23:09:02] local.INFO: Checking for scheduled messages to send at: 2025-03-12 23:09:02  
[2025-03-12 23:09:02] local.INFO: Pending Scheduled messages found: 0  
[2025-03-12 23:10:02] local.INFO: Checking for scheduled messages to send at: 2025-03-12 23:10:02  
[2025-03-12 23:10:02] local.INFO: Pending Scheduled messages found: 0  
[2025-03-12 23:11:02] local.INFO: Checking for scheduled messages to send at: 2025-03-12 23:11:02  
[2025-03-12 23:11:02] local.INFO: Pending Scheduled messages found: 0  
[2025-03-12 23:12:02] local.INFO: Checking for scheduled messages to send at: 2025-03-12 23:12:02  
[2025-03-12 23:12:02] local.INFO: Pending Scheduled messages found: 0  
[2025-03-12 23:13:02] local.INFO: Checking for scheduled messages to send at: 2025-03-12 23:13:02  
[2025-03-12 23:13:02] local.INFO: Pending Scheduled messages found: 0  
[2025-03-12 23:14:02] local.INFO: Checking for scheduled messages to send at: 2025-03-12 23:14:02  
[2025-03-12 23:14:02] local.INFO: Pending Scheduled messages found: 0  
[2025-03-12 23:15:01] local.INFO: Checking for scheduled messages to send at: 2025-03-12 23:15:01  
[2025-03-12 23:15:01] local.INFO: Pending Scheduled messages found: 0  
[2025-03-12 23:16:02] local.INFO: Checking for scheduled messages to send at: 2025-03-12 23:16:02  
[2025-03-12 23:16:02] local.INFO: Pending Scheduled messages found: 0  
[2025-03-12 23:17:02] local.INFO: Checking for scheduled messages to send at: 2025-03-12 23:17:02  
[2025-03-12 23:17:02] local.INFO: Pending Scheduled messages found: 0  
[2025-03-12 23:18:02] local.INFO: Checking for scheduled messages to send at: 2025-03-12 23:18:02  
[2025-03-12 23:18:02] local.INFO: Pending Scheduled messages found: 0  
[2025-03-12 23:19:02] local.INFO: Checking for scheduled messages to send at: 2025-03-12 23:19:02  
[2025-03-12 23:19:02] local.INFO: Pending Scheduled messages found: 0  
[2025-03-12 23:20:02] local.INFO: Checking for scheduled messages to send at: 2025-03-12 23:20:01  
[2025-03-12 23:20:02] local.INFO: Pending Scheduled messages found: 0  
[2025-03-12 23:21:01] local.INFO: Checking for scheduled messages to send at: 2025-03-12 23:21:01  
[2025-03-12 23:21:01] local.INFO: Pending Scheduled messages found: 0  
[2025-03-12 23:22:02] local.INFO: Checking for scheduled messages to send at: 2025-03-12 23:22:02  
[2025-03-12 23:22:02] local.INFO: Pending Scheduled messages found: 0  
[2025-03-12 23:23:02] local.INFO: Checking for scheduled messages to send at: 2025-03-12 23:23:02  
[2025-03-12 23:23:02] local.INFO: Pending Scheduled messages found: 0  
[2025-03-12 23:24:02] local.INFO: Checking for scheduled messages to send at: 2025-03-12 23:24:02  
[2025-03-12 23:24:02] local.INFO: Pending Scheduled messages found: 0  
[2025-03-12 23:25:02] local.INFO: Checking for scheduled messages to send at: 2025-03-12 23:25:02  
[2025-03-12 23:25:02] local.INFO: Pending Scheduled messages found: 0  
[2025-03-12 23:26:01] local.INFO: Checking for scheduled messages to send at: 2025-03-12 23:26:01  
[2025-03-12 23:26:01] local.INFO: Pending Scheduled messages found: 0  
[2025-03-12 23:27:01] local.INFO: Checking for scheduled messages to send at: 2025-03-12 23:27:01  
[2025-03-12 23:27:02] local.INFO: Pending Scheduled messages found: 0  
[2025-03-12 23:28:01] local.INFO: Checking for scheduled messages to send at: 2025-03-12 23:28:01  
[2025-03-12 23:28:01] local.INFO: Pending Scheduled messages found: 0  
[2025-03-12 23:29:02] local.INFO: Checking for scheduled messages to send at: 2025-03-12 23:29:02  
[2025-03-12 23:29:02] local.INFO: Pending Scheduled messages found: 0  
[2025-03-12 23:30:02] local.INFO: Checking for scheduled messages to send at: 2025-03-12 23:30:02  
[2025-03-12 23:30:02] local.INFO: Pending Scheduled messages found: 0  
[2025-03-12 23:31:02] local.INFO: Checking for scheduled messages to send at: 2025-03-12 23:31:02  
[2025-03-12 23:31:02] local.INFO: Pending Scheduled messages found: 0  
[2025-03-12 23:32:02] local.INFO: Checking for scheduled messages to send at: 2025-03-12 23:32:02  
[2025-03-12 23:32:02] local.INFO: Pending Scheduled messages found: 0  
[2025-03-12 23:33:02] local.INFO: Checking for scheduled messages to send at: 2025-03-12 23:33:02  
[2025-03-12 23:33:02] local.INFO: Pending Scheduled messages found: 0  
[2025-03-12 23:34:01] local.INFO: Checking for scheduled messages to send at: 2025-03-12 23:34:01  
[2025-03-12 23:34:01] local.INFO: Pending Scheduled messages found: 0  
[2025-03-12 23:35:02] local.INFO: Checking for scheduled messages to send at: 2025-03-12 23:35:02  
[2025-03-12 23:35:02] local.INFO: Pending Scheduled messages found: 0  
[2025-03-12 23:36:02] local.INFO: Checking for scheduled messages to send at: 2025-03-12 23:36:02  
[2025-03-12 23:36:02] local.INFO: Pending Scheduled messages found: 0  
[2025-03-12 23:37:02] local.INFO: Checking for scheduled messages to send at: 2025-03-12 23:37:02  
[2025-03-12 23:37:02] local.INFO: Pending Scheduled messages found: 0  
[2025-03-12 23:38:02] local.INFO: Checking for scheduled messages to send at: 2025-03-12 23:38:02  
[2025-03-12 23:38:02] local.INFO: Pending Scheduled messages found: 0  
[2025-03-12 23:39:02] local.INFO: Checking for scheduled messages to send at: 2025-03-12 23:39:02  
[2025-03-12 23:39:02] local.INFO: Pending Scheduled messages found: 0  
[2025-03-12 23:40:02] local.INFO: Checking for scheduled messages to send at: 2025-03-12 23:40:02  
[2025-03-12 23:40:02] local.INFO: Pending Scheduled messages found: 0  
[2025-03-12 23:41:02] local.INFO: Checking for scheduled messages to send at: 2025-03-12 23:41:02  
[2025-03-12 23:41:02] local.INFO: Pending Scheduled messages found: 0  
[2025-03-12 23:42:01] local.INFO: Checking for scheduled messages to send at: 2025-03-12 23:42:01  
[2025-03-12 23:42:01] local.INFO: Pending Scheduled messages found: 0  
[2025-03-12 23:43:02] local.INFO: Checking for scheduled messages to send at: 2025-03-12 23:43:02  
[2025-03-12 23:43:02] local.INFO: Pending Scheduled messages found: 0  
[2025-03-12 23:44:02] local.INFO: Checking for scheduled messages to send at: 2025-03-12 23:44:02  
[2025-03-12 23:44:02] local.INFO: Pending Scheduled messages found: 0  
[2025-03-12 23:45:02] local.INFO: Checking for scheduled messages to send at: 2025-03-12 23:45:02  
[2025-03-12 23:45:02] local.INFO: Pending Scheduled messages found: 0  
[2025-03-12 23:46:02] local.INFO: Checking for scheduled messages to send at: 2025-03-12 23:46:02  
[2025-03-12 23:46:02] local.INFO: Pending Scheduled messages found: 0  
[2025-03-12 23:47:01] local.INFO: Checking for scheduled messages to send at: 2025-03-12 23:47:01  
[2025-03-12 23:47:01] local.INFO: Pending Scheduled messages found: 0  
[2025-03-12 23:48:02] local.INFO: Checking for scheduled messages to send at: 2025-03-12 23:48:02  
[2025-03-12 23:48:02] local.INFO: Pending Scheduled messages found: 0  
[2025-03-12 23:49:02] local.INFO: Checking for scheduled messages to send at: 2025-03-12 23:49:02  
[2025-03-12 23:49:02] local.INFO: Pending Scheduled messages found: 0  
[2025-03-12 23:50:02] local.INFO: Checking for scheduled messages to send at: 2025-03-12 23:50:02  
[2025-03-12 23:50:02] local.INFO: Pending Scheduled messages found: 0  
[2025-03-12 23:51:02] local.INFO: Checking for scheduled messages to send at: 2025-03-12 23:51:02  
[2025-03-12 23:51:02] local.INFO: Pending Scheduled messages found: 0  
[2025-03-12 23:52:01] local.INFO: Checking for scheduled messages to send at: 2025-03-12 23:52:01  
[2025-03-12 23:52:01] local.INFO: Pending Scheduled messages found: 0  
[2025-03-12 23:53:02] local.INFO: Checking for scheduled messages to send at: 2025-03-12 23:53:02  
[2025-03-12 23:53:02] local.INFO: Pending Scheduled messages found: 0  
[2025-03-12 23:54:02] local.INFO: Checking for scheduled messages to send at: 2025-03-12 23:54:02  
[2025-03-12 23:54:02] local.INFO: Pending Scheduled messages found: 0  
[2025-03-12 23:55:02] local.INFO: Checking for scheduled messages to send at: 2025-03-12 23:55:02  
[2025-03-12 23:55:02] local.INFO: Pending Scheduled messages found: 0  
[2025-03-12 23:56:02] local.INFO: Checking for scheduled messages to send at: 2025-03-12 23:56:02  
[2025-03-12 23:56:02] local.INFO: Pending Scheduled messages found: 0  
[2025-03-12 23:57:01] local.INFO: Checking for scheduled messages to send at: 2025-03-12 23:57:01  
[2025-03-12 23:57:01] local.INFO: Pending Scheduled messages found: 0  
[2025-03-12 23:58:02] local.INFO: Checking for scheduled messages to send at: 2025-03-12 23:58:02  
[2025-03-12 23:58:02] local.INFO: Pending Scheduled messages found: 1  
[2025-03-12 23:58:02] local.INFO: Processing message for User ID: 1  
[2025-03-12 23:58:02] local.INFO: Final phone: 2347033274155  
[2025-03-12 23:58:03] local.INFO: scheduled message: ====================  
[2025-03-12 23:58:03] local.INFO: Final phone: 2347063640410  
[2025-03-12 23:58:03] local.INFO: scheduled message: ====================  
[2025-03-12 23:59:02] local.INFO: Checking for scheduled messages to send at: 2025-03-12 23:59:02  
[2025-03-12 23:59:02] local.INFO: Pending Scheduled messages found: 0  
