[2025-03-17 13:59:01] local.INFO: Checking for Scheduled Messages To Send At: 2025-03-17 13:59:01  
[2025-03-17 13:59:01] local.INFO: Pending Scheduled messages found: 0  
[2025-03-17 14:00:02] local.INFO: Checking for Scheduled Messages To Send At: 2025-03-17 14:00:02  
[2025-03-17 14:00:02] local.INFO: Pending Scheduled messages found: 0  
[2025-03-17 14:01:01] local.INFO: Checking for Scheduled Messages To Send At: 2025-03-17 14:01:01  
[2025-03-17 14:01:01] local.INFO: Pending Scheduled messages found: 0  
[2025-03-17 14:02:02] local.INFO: Checking for Scheduled Messages To Send At: 2025-03-17 14:02:02  
[2025-03-17 14:02:02] local.INFO: Pending Scheduled messages found: 0  
[2025-03-17 14:03:01] local.INFO: Checking for Scheduled Messages To Send At: 2025-03-17 14:03:01  
[2025-03-17 14:03:01] local.INFO: Pending Scheduled messages found: 0  
[2025-03-17 14:04:02] local.INFO: Checking for Scheduled Messages To Send At: 2025-03-17 14:04:02  
[2025-03-17 14:04:02] local.INFO: Pending Scheduled messages found: 0  
[2025-03-17 14:05:01] local.INFO: Checking for Scheduled Messages To Send At: 2025-03-17 14:05:01  
[2025-03-17 14:05:01] local.INFO: Pending Scheduled messages found: 0  
[2025-03-17 14:06:02] local.INFO: Checking for Scheduled Messages To Send At: 2025-03-17 14:06:02  
[2025-03-17 14:06:02] local.INFO: Pending Scheduled messages found: 0  
[2025-03-17 14:07:01] local.INFO: Checking for Scheduled Messages To Send At: 2025-03-17 14:07:01  
[2025-03-17 14:07:01] local.INFO: Pending Scheduled messages found: 0  
[2025-03-17 14:08:02] local.INFO: Checking for Scheduled Messages To Send At: 2025-03-17 14:08:02  
[2025-03-17 14:08:02] local.INFO: Pending Scheduled messages found: 0  
[2025-03-17 14:09:01] local.INFO: Checking for Scheduled Messages To Send At: 2025-03-17 14:09:01  
[2025-03-17 14:09:01] local.INFO: Pending Scheduled messages found: 0  
[2025-03-17 14:10:02] local.INFO: Checking for Scheduled Messages To Send At: 2025-03-17 14:10:02  
[2025-03-17 14:10:02] local.INFO: Pending Scheduled messages found: 0  
[2025-03-17 14:11:01] local.INFO: Checking for Scheduled Messages To Send At: 2025-03-17 14:11:01  
[2025-03-17 14:11:01] local.INFO: Pending Scheduled messages found: 0  
[2025-03-17 14:12:02] local.INFO: Checking for Scheduled Messages To Send At: 2025-03-17 14:12:02  
[2025-03-17 14:12:02] local.INFO: Pending Scheduled messages found: 0  
[2025-03-17 14:13:01] local.INFO: Checking for Scheduled Messages To Send At: 2025-03-17 14:13:01  
[2025-03-17 14:13:01] local.INFO: Pending Scheduled messages found: 0  
[2025-03-17 14:14:02] local.INFO: Checking for Scheduled Messages To Send At: 2025-03-17 14:14:02  
[2025-03-17 14:14:02] local.INFO: Pending Scheduled messages found: 1  
[2025-03-17 14:14:02] local.INFO: Processing message for User ID: 1  
[2025-03-17 14:14:02] local.INFO: Final phone: 2347033274155  
[2025-03-17 14:14:02] local.INFO: scheduled message: ====================  
[2025-03-17 14:15:01] local.INFO: Checking for Scheduled Messages To Send At: 2025-03-17 14:15:01  
[2025-03-17 14:15:01] local.INFO: Pending Scheduled messages found: 0  
[2025-03-17 14:16:02] local.INFO: Checking for Scheduled Messages To Send At: 2025-03-17 14:16:02  
[2025-03-17 14:16:02] local.INFO: Pending Scheduled messages found: 0  
[2025-03-17 14:17:01] local.INFO: Checking for Scheduled Messages To Send At: 2025-03-17 14:17:01  
[2025-03-17 14:17:01] local.INFO: Pending Scheduled messages found: 0  
[2025-03-17 14:18:02] local.INFO: Checking for Scheduled Messages To Send At: 2025-03-17 14:18:02  
[2025-03-17 14:18:02] local.INFO: Pending Scheduled messages found: 0  
[2025-03-17 14:19:01] local.INFO: Checking for Scheduled Messages To Send At: 2025-03-17 14:19:01  
[2025-03-17 14:19:01] local.INFO: Pending Scheduled messages found: 0  
[2025-03-17 14:20:02] local.INFO: Checking for Scheduled Messages To Send At: 2025-03-17 14:20:02  
[2025-03-17 14:20:02] local.INFO: Pending Scheduled messages found: 0  
[2025-03-17 14:21:01] local.INFO: Checking for Scheduled Messages To Send At: 2025-03-17 14:21:01  
[2025-03-17 14:21:01] local.INFO: Pending Scheduled messages found: 1  
[2025-03-17 14:21:01] local.INFO: Processing message for User ID: 1  
[2025-03-17 14:21:01] local.INFO: Final phone: 2347033274155  
[2025-03-17 14:21:01] local.INFO: scheduled message: ====================  
[2025-03-17 14:22:02] local.INFO: Checking for Scheduled Messages To Send At: 2025-03-17 14:22:02  
[2025-03-17 14:22:02] local.INFO: Pending Scheduled messages found: 1  
[2025-03-17 14:22:02] local.INFO: Processing message for User ID: 1  
[2025-03-17 14:22:02] local.INFO: Final phone: 2347033274155  
[2025-03-17 14:22:02] local.INFO: scheduled message: ====================  
[2025-03-17 14:23:01] local.INFO: Checking for Scheduled Messages To Send At: 2025-03-17 14:23:01  
[2025-03-17 14:23:01] local.INFO: Pending Scheduled messages found: 0  
[2025-03-17 14:24:02] local.INFO: Checking for Scheduled Messages To Send At: 2025-03-17 14:24:02  
[2025-03-17 14:24:02] local.INFO: Pending Scheduled messages found: 0  
[2025-03-17 14:25:01] local.INFO: Checking for Scheduled Messages To Send At: 2025-03-17 14:25:01  
[2025-03-17 14:25:01] local.INFO: Pending Scheduled messages found: 0  
[2025-03-17 14:26:02] local.INFO: Checking for Scheduled Messages To Send At: 2025-03-17 14:26:02  
[2025-03-17 14:26:02] local.INFO: Pending Scheduled messages found: 0  
[2025-03-17 14:27:01] local.INFO: Checking for Scheduled Messages To Send At: 2025-03-17 14:27:01  
[2025-03-17 14:27:01] local.INFO: Pending Scheduled messages found: 0  
[2025-03-17 14:28:02] local.INFO: Checking for Scheduled Messages To Send At: 2025-03-17 14:28:02  
[2025-03-17 14:28:02] local.INFO: Pending Scheduled messages found: 0  
[2025-03-17 14:29:01] local.INFO: Checking for Scheduled Messages To Send At: 2025-03-17 14:29:01  
[2025-03-17 14:29:01] local.INFO: Pending Scheduled messages found: 0  
[2025-03-17 14:30:02] local.INFO: Checking for Scheduled Messages To Send At: 2025-03-17 14:30:02  
[2025-03-17 14:30:02] local.INFO: Pending Scheduled messages found: 0  
[2025-03-17 14:31:01] local.INFO: Checking for Scheduled Messages To Send At: 2025-03-17 14:31:01  
[2025-03-17 14:31:01] local.INFO: Pending Scheduled messages found: 0  
[2025-03-17 14:32:02] local.INFO: Checking for Scheduled Messages To Send At: 2025-03-17 14:32:01  
[2025-03-17 14:32:02] local.INFO: Pending Scheduled messages found: 0  
[2025-03-17 14:33:01] local.INFO: Checking for Scheduled Messages To Send At: 2025-03-17 14:33:01  
[2025-03-17 14:33:01] local.INFO: Pending Scheduled messages found: 0  
[2025-03-17 14:34:01] local.INFO: Checking for Scheduled Messages To Send At: 2025-03-17 14:34:01  
[2025-03-17 14:34:01] local.INFO: Pending Scheduled messages found: 0  
[2025-03-17 14:35:02] local.INFO: Checking for Scheduled Messages To Send At: 2025-03-17 14:35:02  
[2025-03-17 14:35:02] local.INFO: Pending Scheduled messages found: 0  
[2025-03-17 14:36:02] local.INFO: Checking for Scheduled Messages To Send At: 2025-03-17 14:36:01  
[2025-03-17 14:36:02] local.INFO: Pending Scheduled messages found: 0  
[2025-03-17 14:37:01] local.INFO: Checking for Scheduled Messages To Send At: 2025-03-17 14:37:01  
[2025-03-17 14:37:01] local.INFO: Pending Scheduled messages found: 0  
[2025-03-17 14:38:01] local.INFO: Checking for Scheduled Messages To Send At: 2025-03-17 15:38:01  
[2025-03-17 14:38:01] local.INFO: Pending Scheduled messages found: 0  
[2025-03-17 14:39:02] local.INFO: Checking for Scheduled Messages To Send At: 2025-03-17 15:39:02  
[2025-03-17 14:39:02] local.INFO: Pending Scheduled messages found: 0  
[2025-03-17 14:40:01] local.INFO: Checking for Scheduled Messages To Send At: 2025-03-17 15:40:01  
[2025-03-17 14:40:01] local.INFO: Pending Scheduled messages found: 1  
[2025-03-17 14:40:01] local.INFO: Processing message for User ID: 1  
[2025-03-17 14:40:01] local.INFO: Final phone: 2347033274155  
[2025-03-17 14:40:01] local.INFO: scheduled message: ====================  
[2025-03-17 14:41:02] local.INFO: Checking for Scheduled Messages To Send At: 2025-03-17 15:41:02  
[2025-03-17 14:41:02] local.INFO: Pending Scheduled messages found: 0  
[2025-03-17 14:42:01] local.INFO: Checking for Scheduled Messages To Send At: 2025-03-17 15:42:01  
[2025-03-17 14:42:01] local.INFO: Pending Scheduled messages found: 0  
[2025-03-17 14:43:02] local.INFO: Checking for Scheduled Messages To Send At: 2025-03-17 15:43:02  
[2025-03-17 14:43:02] local.INFO: Pending Scheduled messages found: 0  
[2025-03-17 14:44:01] local.INFO: Checking for Scheduled Messages To Send At: 2025-03-17 15:44:01  
[2025-03-17 14:44:01] local.INFO: Pending Scheduled messages found: 0  
[2025-03-17 14:45:02] local.INFO: Checking for Scheduled Messages To Send At: 2025-03-17 15:45:02  
[2025-03-17 14:45:02] local.INFO: Pending Scheduled messages found: 0  
[2025-03-17 14:46:01] local.INFO: Checking for Scheduled Messages To Send At: 2025-03-17 15:46:01  
[2025-03-17 14:46:01] local.INFO: Pending Scheduled messages found: 0  
[2025-03-17 14:47:02] local.INFO: Checking for Scheduled Messages To Send At: 2025-03-17 15:47:02  
[2025-03-17 14:47:02] local.INFO: Pending Scheduled messages found: 0  
[2025-03-17 14:48:01] local.INFO: Checking for Scheduled Messages To Send At: 2025-03-17 15:48:01  
[2025-03-17 14:48:01] local.INFO: Pending Scheduled messages found: 0  
[2025-03-17 14:49:02] local.INFO: Checking for Scheduled Messages To Send At: 2025-03-17 15:49:02  
[2025-03-17 14:49:02] local.INFO: Pending Scheduled messages found: 0  
[2025-03-17 14:50:01] local.INFO: Checking for Scheduled Messages To Send At: 2025-03-17 15:50:01  
[2025-03-17 14:50:01] local.INFO: Pending Scheduled messages found: 0  
[2025-03-17 14:51:01] local.INFO: Checking for Scheduled Messages To Send At: 2025-03-17 15:51:01  
[2025-03-17 14:51:01] local.INFO: Pending Scheduled messages found: 0  
[2025-03-17 14:52:01] local.INFO: Checking for Scheduled Messages To Send At: 2025-03-17 15:52:01  
[2025-03-17 14:52:01] local.INFO: Pending Scheduled messages found: 0  
[2025-03-17 14:53:01] local.INFO: Checking for Scheduled Messages To Send At: 2025-03-17 15:53:01  
[2025-03-17 14:53:01] local.INFO: Pending Scheduled messages found: 0  
[2025-03-17 14:54:01] local.INFO: Checking for Scheduled Messages To Send At: 2025-03-17 15:54:01  
[2025-03-17 14:54:01] local.INFO: Pending Scheduled messages found: 0  
[2025-03-17 14:55:01] local.INFO: Checking for Scheduled Messages To Send At: 2025-03-17 15:55:01  
[2025-03-17 14:55:01] local.INFO: Pending Scheduled messages found: 1  
[2025-03-17 14:55:01] local.INFO: Processing message for User ID: 1  
[2025-03-17 14:55:01] local.INFO: Final phone: 2347033274155  
[2025-03-17 14:55:02] local.INFO: scheduled message: ====================  
[2025-03-17 14:56:01] local.INFO: Checking for Scheduled Messages To Send At: 2025-03-17 15:56:01  
[2025-03-17 14:56:01] local.INFO: Pending Scheduled messages found: 1  
[2025-03-17 14:56:01] local.INFO: Processing message for User ID: 1  
[2025-03-17 14:56:01] local.INFO: Final phone: 2347033274155  
[2025-03-17 14:56:01] local.INFO: scheduled message: ====================  
[2025-03-17 14:57:01] local.INFO: Checking for Scheduled Messages To Send At: 2025-03-17 15:57:01  
[2025-03-17 14:57:02] local.INFO: Pending Scheduled messages found: 0  
[2025-03-17 14:58:01] local.INFO: Checking for Scheduled Messages To Send At: 2025-03-17 15:58:01  
[2025-03-17 14:58:01] local.INFO: Pending Scheduled messages found: 0  
[2025-03-17 14:59:01] local.INFO: Checking for Scheduled Messages To Send At: 2025-03-17 15:59:01  
[2025-03-17 14:59:01] local.INFO: Pending Scheduled messages found: 0  
[2025-03-17 15:00:02] local.INFO: Checking for Scheduled Messages To Send At: 2025-03-17 16:00:02  
[2025-03-17 15:00:02] local.INFO: Pending Scheduled messages found: 0  
[2025-03-17 15:01:01] local.INFO: Checking for Scheduled Messages To Send At: 2025-03-17 16:01:01  
[2025-03-17 15:01:01] local.INFO: Pending Scheduled messages found: 0  
[2025-03-17 15:02:02] local.INFO: Checking for Scheduled Messages To Send At: 2025-03-17 16:02:02  
[2025-03-17 15:02:02] local.INFO: Pending Scheduled messages found: 0  
[2025-03-17 15:03:01] local.INFO: Checking for Scheduled Messages To Send At: 2025-03-17 16:03:01  
[2025-03-17 15:03:01] local.INFO: Pending Scheduled messages found: 0  
[2025-03-17 15:04:02] local.INFO: Checking for Scheduled Messages To Send At: 2025-03-17 16:04:02  
[2025-03-17 15:04:02] local.INFO: Pending Scheduled messages found: 0  
[2025-03-17 15:05:01] local.INFO: Checking for Scheduled Messages To Send At: 2025-03-17 16:05:01  
[2025-03-17 15:05:01] local.INFO: Pending Scheduled messages found: 0  
[2025-03-17 15:06:02] local.INFO: Checking for Scheduled Messages To Send At: 2025-03-17 16:06:02  
[2025-03-17 15:06:02] local.INFO: Pending Scheduled messages found: 0  
[2025-03-17 15:07:01] local.INFO: Checking for Scheduled Messages To Send At: 2025-03-17 16:07:01  
[2025-03-17 15:07:01] local.INFO: Pending Scheduled messages found: 0  
[2025-03-17 15:08:02] local.INFO: Checking for Scheduled Messages To Send At: 2025-03-17 16:08:02  
[2025-03-17 15:08:02] local.INFO: Pending Scheduled messages found: 0  
[2025-03-17 15:09:01] local.INFO: Checking for Scheduled Messages To Send At: 2025-03-17 16:09:01  
[2025-03-17 15:09:01] local.INFO: Pending Scheduled messages found: 0  
[2025-03-17 15:10:02] local.INFO: Checking for Scheduled Messages To Send At: 2025-03-17 16:10:02  
[2025-03-17 15:10:02] local.INFO: Pending Scheduled messages found: 0  
[2025-03-17 15:11:01] local.INFO: Checking for Scheduled Messages To Send At: 2025-03-17 16:11:01  
[2025-03-17 15:11:01] local.INFO: Pending Scheduled messages found: 0  
[2025-03-17 15:12:02] local.INFO: Checking for Scheduled Messages To Send At: 2025-03-17 16:12:02  
[2025-03-17 15:12:02] local.INFO: Pending Scheduled messages found: 0  
[2025-03-17 15:13:01] local.INFO: Checking for Scheduled Messages To Send At: 2025-03-17 16:13:01  
[2025-03-17 15:13:01] local.INFO: Pending Scheduled messages found: 0  
[2025-03-17 15:14:02] local.INFO: Checking for Scheduled Messages To Send At: 2025-03-17 16:14:02  
[2025-03-17 15:14:02] local.INFO: Pending Scheduled messages found: 0  
[2025-03-17 15:15:01] local.INFO: Checking for Scheduled Messages To Send At: 2025-03-17 16:15:01  
[2025-03-17 15:15:01] local.INFO: Pending Scheduled messages found: 0  
[2025-03-17 15:16:02] local.INFO: Checking for Scheduled Messages To Send At: 2025-03-17 16:16:02  
[2025-03-17 15:17:01] local.INFO: Checking for Scheduled Messages To Send At: 2025-03-17 16:17:01  
[2025-03-17 15:18:01] local.INFO: Checking for Scheduled Messages To Send At: 2025-03-17 16:18:01  
[2025-03-17 15:19:02] local.INFO: Checking for Scheduled Messages To Send At: 2025-03-17 16:19:02  
[2025-03-17 15:20:01] local.INFO: Checking for Scheduled Messages To Send At: 2025-03-17 16:20:01  
[2025-03-17 15:21:02] local.INFO: Checking for Scheduled Messages To Send At: 2025-03-17 16:21:02  
[2025-03-17 15:22:01] local.INFO: Checking for Scheduled Messages To Send At: 2025-03-17 16:22:01  
[2025-03-17 15:23:02] local.INFO: Checking for Scheduled Messages To Send At: 2025-03-17 16:23:02  
[2025-03-17 15:24:01] local.INFO: Checking for Scheduled Messages To Send At: 2025-03-17 16:24:01  
[2025-03-17 15:25:02] local.INFO: Checking for Scheduled Messages To Send At: 2025-03-17 16:25:02  
[2025-03-17 15:26:01] local.INFO: Checking for Scheduled Messages To Send At: 2025-03-17 16:26:01  
[2025-03-17 15:27:02] local.INFO: Checking for Scheduled Messages To Send At: 2025-03-17 16:27:02  
[2025-03-17 15:28:01] local.INFO: Checking for Scheduled Messages To Send At: 2025-03-17 16:28:01  
[2025-03-17 15:29:02] local.INFO: Checking for Scheduled Messages To Send At: 2025-03-17 16:29:02  
[2025-03-17 15:30:02] local.INFO: Checking for Scheduled Messages To Send At: 2025-03-17 16:30:02  
[2025-03-17 15:31:01] local.INFO: Checking for Scheduled Messages To Send At: 2025-03-17 16:31:01  
[2025-03-17 15:32:02] local.INFO: Checking for Scheduled Messages To Send At: 2025-03-17 16:32:02  
[2025-03-17 15:33:01] local.INFO: Checking for Scheduled Messages To Send At: 2025-03-17 16:33:01  
[2025-03-17 15:33:01] local.INFO: Pending Scheduled messages found: 0  
[2025-03-17 15:34:02] local.INFO: Checking for Scheduled Messages To Send At: 2025-03-17 16:34:02  
[2025-03-17 15:34:02] local.INFO: Pending Scheduled messages found: 0  
[2025-03-17 15:35:01] local.INFO: Checking for Scheduled Messages To Send At: 2025-03-17 16:35:01  
[2025-03-17 15:35:01] local.INFO: Pending Scheduled messages found: 0  
[2025-03-17 15:36:02] local.INFO: Checking for Scheduled Messages To Send At: 2025-03-17 16:36:02  
[2025-03-17 15:36:02] local.INFO: Pending Scheduled messages found: 0  
[2025-03-17 15:37:01] local.INFO: Checking for Scheduled Messages To Send At: 2025-03-17 16:37:01  
[2025-03-17 15:37:01] local.INFO: Pending Scheduled messages found: 0  
[2025-03-17 15:38:01] local.INFO: Checking for Scheduled Messages To Send At: 2025-03-17 16:38:01  
[2025-03-17 15:38:01] local.INFO: Pending Scheduled messages found: 0  
[2025-03-17 15:39:02] local.INFO: Checking for Scheduled Messages To Send At: 2025-03-17 16:39:02  
[2025-03-17 15:39:02] local.INFO: Pending Scheduled messages found: 0  
[2025-03-17 15:40:01] local.INFO: Checking for Scheduled Messages To Send At: 2025-03-17 16:40:01  
[2025-03-17 15:40:01] local.INFO: Pending Scheduled messages found: 0  
[2025-03-17 15:41:02] local.INFO: Checking for Scheduled Messages To Send At: 2025-03-17 16:41:02  
[2025-03-17 15:41:02] local.INFO: Pending Scheduled messages found: 0  
[2025-03-17 15:42:01] local.INFO: Checking for Scheduled Messages To Send At: 2025-03-17 16:42:01  
[2025-03-17 15:42:01] local.INFO: Pending Scheduled messages found: 0  
[2025-03-17 15:43:01] local.INFO: Checking for Scheduled Messages To Send At: 2025-03-17 16:43:01  
[2025-03-17 15:43:01] local.INFO: Pending Scheduled messages found: 0  
[2025-03-17 15:44:02] local.INFO: Checking for Scheduled Messages To Send At: 2025-03-17 16:44:02  
[2025-03-17 15:44:02] local.INFO: Pending Scheduled messages found: 0  
[2025-03-17 15:45:01] local.INFO: Checking for Scheduled Messages To Send At: 2025-03-17 16:45:01  
[2025-03-17 15:45:01] local.INFO: Pending Scheduled messages found: 0  
[2025-03-17 15:46:02] local.INFO: Checking for Scheduled Messages To Send At: 2025-03-17 16:46:02  
[2025-03-17 15:46:02] local.INFO: Pending Scheduled messages found: 0  
[2025-03-17 15:47:01] local.INFO: Checking for Scheduled Messages To Send At: 2025-03-17 16:47:01  
[2025-03-17 15:47:01] local.INFO: Pending Scheduled messages found: 0  
[2025-03-17 15:48:01] local.INFO: Checking for Scheduled Messages To Send At: 2025-03-17 16:48:01  
[2025-03-17 15:48:01] local.INFO: Pending Scheduled messages found: 0  
[2025-03-17 15:49:01] local.INFO: Checking for Scheduled Messages To Send At: 2025-03-17 16:49:01  
[2025-03-17 15:49:01] local.INFO: Pending Scheduled messages found: 0  
[2025-03-17 15:50:01] local.INFO: Checking for Scheduled Messages To Send At: 2025-03-17 16:50:01  
[2025-03-17 15:50:01] local.INFO: Pending Scheduled messages found: 0  
[2025-03-17 15:51:02] local.INFO: Checking for Scheduled Messages To Send At: 2025-03-17 16:51:02  
[2025-03-17 15:51:02] local.INFO: Pending Scheduled messages found: 0  
[2025-03-17 15:52:01] local.INFO: Checking for Scheduled Messages To Send At: 2025-03-17 16:52:01  
[2025-03-17 15:52:01] local.INFO: Pending Scheduled messages found: 0  
[2025-03-17 15:53:02] local.INFO: Checking for Scheduled Messages To Send At: 2025-03-17 16:53:02  
[2025-03-17 15:53:02] local.INFO: Pending Scheduled messages found: 0  
[2025-03-17 15:54:01] local.INFO: Checking for Scheduled Messages To Send At: 2025-03-17 16:54:01  
[2025-03-17 15:54:01] local.INFO: Pending Scheduled messages found: 0  
[2025-03-17 15:55:01] local.INFO: Checking for Scheduled Messages To Send At: 2025-03-17 16:55:01  
[2025-03-17 15:55:01] local.INFO: Pending Scheduled messages found: 0  
[2025-03-17 15:56:02] local.INFO: Checking for Scheduled Messages To Send At: 2025-03-17 16:56:02  
[2025-03-17 15:56:02] local.INFO: Pending Scheduled messages found: 0  
[2025-03-17 15:57:01] local.INFO: Checking for Scheduled Messages To Send At: 2025-03-17 16:57:01  
[2025-03-17 15:57:01] local.INFO: Pending Scheduled messages found: 0  
[2025-03-17 15:58:02] local.INFO: Checking for Scheduled Messages To Send At: 2025-03-17 16:58:02  
[2025-03-17 15:58:02] local.INFO: Pending Scheduled messages found: 0  
[2025-03-17 15:59:01] local.INFO: Checking for Scheduled Messages To Send At: 2025-03-17 16:59:01  
[2025-03-17 15:59:01] local.INFO: Pending Scheduled messages found: 0  
[2025-03-17 16:00:02] local.INFO: Checking for Scheduled Messages To Send At: 2025-03-17 17:00:02  
[2025-03-17 16:00:02] local.INFO: Pending Scheduled messages found: 0  
[2025-03-17 16:01:01] local.INFO: Checking for Scheduled Messages To Send At: 2025-03-17 17:01:01  
[2025-03-17 16:01:01] local.INFO: Pending Scheduled messages found: 0  
[2025-03-17 16:02:02] local.INFO: Checking for Scheduled Messages To Send At: 2025-03-17 17:02:02  
[2025-03-17 16:02:02] local.INFO: Pending Scheduled messages found: 0  
[2025-03-17 16:03:01] local.INFO: Checking for Scheduled Messages To Send At: 2025-03-17 17:03:01  
[2025-03-17 16:03:01] local.INFO: Pending Scheduled messages found: 0  
[2025-03-17 16:04:01] local.INFO: Checking for Scheduled Messages To Send At: 2025-03-17 17:04:01  
[2025-03-17 16:04:02] local.INFO: Pending Scheduled messages found: 0  
[2025-03-17 16:05:01] local.INFO: Checking for Scheduled Messages To Send At: 2025-03-17 17:05:01  
[2025-03-17 16:05:01] local.INFO: Pending Scheduled messages found: 0  
[2025-03-17 16:06:01] local.INFO: Checking for Scheduled Messages To Send At: 2025-03-17 17:06:01  
[2025-03-17 16:06:01] local.INFO: Pending Scheduled messages found: 0  
[2025-03-17 16:07:01] local.INFO: Checking for Scheduled Messages To Send At: 2025-03-17 17:07:01  
[2025-03-17 16:07:01] local.INFO: Pending Scheduled messages found: 0  
[2025-03-17 16:08:01] local.INFO: Checking for Scheduled Messages To Send At: 2025-03-17 17:08:01  
[2025-03-17 16:08:01] local.INFO: Pending Scheduled messages found: 0  
[2025-03-17 16:09:02] local.INFO: Checking for Scheduled Messages To Send At: 2025-03-17 17:09:02  
[2025-03-17 16:09:02] local.INFO: Pending Scheduled messages found: 0  
[2025-03-17 16:10:01] local.INFO: Checking for Scheduled Messages To Send At: 2025-03-17 17:10:01  
[2025-03-17 16:10:01] local.INFO: Pending Scheduled messages found: 0  
[2025-03-17 16:11:02] local.INFO: Checking for Scheduled Messages To Send At: 2025-03-17 17:11:02  
[2025-03-17 16:11:02] local.INFO: Pending Scheduled messages found: 0  
[2025-03-17 16:12:01] local.INFO: Checking for Scheduled Messages To Send At: 2025-03-17 17:12:01  
[2025-03-17 16:12:01] local.INFO: Pending Scheduled messages found: 0  
[2025-03-17 16:13:02] local.INFO: Checking for Scheduled Messages To Send At: 2025-03-17 17:13:02  
[2025-03-17 16:13:02] local.INFO: Pending Scheduled messages found: 0  
[2025-03-17 16:14:01] local.INFO: Checking for Scheduled Messages To Send At: 2025-03-17 17:14:01  
[2025-03-17 16:14:01] local.INFO: Pending Scheduled messages found: 0  
[2025-03-17 16:15:01] local.INFO: Checking for Scheduled Messages To Send At: 2025-03-17 17:15:01  
[2025-03-17 16:15:01] local.INFO: Pending Scheduled messages found: 0  
[2025-03-17 16:16:02] local.INFO: Checking for Scheduled Messages To Send At: 2025-03-17 17:16:02  
[2025-03-17 16:16:02] local.INFO: Pending Scheduled messages found: 0  
[2025-03-17 16:17:01] local.INFO: Checking for Scheduled Messages To Send At: 2025-03-17 17:17:01  
[2025-03-17 16:17:01] local.INFO: Pending Scheduled messages found: 0  
[2025-03-17 16:18:02] local.INFO: Checking for Scheduled Messages To Send At: 2025-03-17 17:18:02  
[2025-03-17 16:18:02] local.INFO: Pending Scheduled messages found: 0  
[2025-03-17 16:19:01] local.INFO: Checking for Scheduled Messages To Send At: 2025-03-17 17:19:01  
[2025-03-17 16:19:01] local.INFO: Pending Scheduled messages found: 0  
[2025-03-17 16:20:02] local.INFO: Checking for Scheduled Messages To Send At: 2025-03-17 17:20:02  
[2025-03-17 16:20:02] local.INFO: Pending Scheduled messages found: 0  
[2025-03-17 22:46:02] local.INFO: Checking for Scheduled Messages To Send At: 2025-03-17 23:46:02  
[2025-03-17 22:46:02] local.INFO: Pending Scheduled messages found: 0  
[2025-03-17 22:47:01] local.INFO: Checking for Scheduled Messages To Send At: 2025-03-17 23:47:01  
[2025-03-17 22:47:01] local.INFO: Pending Scheduled messages found: 0  
[2025-03-17 22:48:02] local.INFO: Checking for Scheduled Messages To Send At: 2025-03-17 23:48:02  
[2025-03-17 22:48:02] local.INFO: Pending Scheduled messages found: 0  
[2025-03-17 22:49:01] local.INFO: Checking for Scheduled Messages To Send At: 2025-03-17 23:49:01  
[2025-03-17 22:49:01] local.INFO: Pending Scheduled messages found: 0  
[2025-03-17 22:50:02] local.INFO: Checking for Scheduled Messages To Send At: 2025-03-17 23:50:02  
[2025-03-17 22:50:02] local.INFO: Pending Scheduled messages found: 0  
[2025-03-17 22:51:01] local.INFO: Checking for Scheduled Messages To Send At: 2025-03-17 23:51:01  
[2025-03-17 22:51:01] local.INFO: Pending Scheduled messages found: 0  
[2025-03-17 22:52:02] local.INFO: Checking for Scheduled Messages To Send At: 2025-03-17 23:52:02  
[2025-03-17 22:52:02] local.INFO: Pending Scheduled messages found: 0  
[2025-03-17 22:53:01] local.INFO: Checking for Scheduled Messages To Send At: 2025-03-17 23:53:01  
[2025-03-17 22:53:01] local.INFO: Pending Scheduled messages found: 0  
[2025-03-17 22:54:02] local.INFO: Checking for Scheduled Messages To Send At: 2025-03-17 23:54:02  
[2025-03-17 22:54:02] local.INFO: Pending Scheduled messages found: 0  
[2025-03-17 22:55:01] local.INFO: Checking for Scheduled Messages To Send At: 2025-03-17 23:55:01  
[2025-03-17 22:55:01] local.INFO: Pending Scheduled messages found: 0  
[2025-03-17 22:56:02] local.INFO: Checking for Scheduled Messages To Send At: 2025-03-17 23:56:02  
[2025-03-17 22:56:02] local.INFO: Pending Scheduled messages found: 0  
[2025-03-17 22:57:01] local.INFO: Checking for Scheduled Messages To Send At: 2025-03-17 23:57:01  
[2025-03-17 22:57:01] local.INFO: Pending Scheduled messages found: 0  
[2025-03-17 22:58:02] local.INFO: Checking for Scheduled Messages To Send At: 2025-03-17 23:58:02  
[2025-03-17 22:58:02] local.INFO: Pending Scheduled messages found: 0  
[2025-03-17 22:59:01] local.INFO: Checking for Scheduled Messages To Send At: 2025-03-17 23:59:01  
[2025-03-17 22:59:01] local.INFO: Pending Scheduled messages found: 0  
[2025-03-17 23:00:02] local.INFO: Checking for Scheduled Messages To Send At: 2025-03-18 00:00:02  
[2025-03-17 23:00:02] local.INFO: Pending Scheduled messages found: 0  
[2025-03-17 23:01:01] local.INFO: Checking for Scheduled Messages To Send At: 2025-03-18 00:01:01  
[2025-03-17 23:01:01] local.INFO: Pending Scheduled messages found: 0  
[2025-03-17 23:02:02] local.INFO: Checking for Scheduled Messages To Send At: 2025-03-18 00:02:02  
[2025-03-17 23:02:02] local.INFO: Pending Scheduled messages found: 0  
[2025-03-17 23:03:01] local.INFO: Checking for Scheduled Messages To Send At: 2025-03-18 00:03:01  
[2025-03-17 23:03:01] local.INFO: Pending Scheduled messages found: 0  
[2025-03-17 23:04:01] local.INFO: Checking for Scheduled Messages To Send At: 2025-03-18 00:04:01  
[2025-03-17 23:04:02] local.INFO: Pending Scheduled messages found: 0  
[2025-03-17 23:05:01] local.INFO: Checking for Scheduled Messages To Send At: 2025-03-18 00:05:01  
[2025-03-17 23:05:01] local.INFO: Pending Scheduled messages found: 0  
[2025-03-17 23:06:01] local.INFO: Checking for Scheduled Messages To Send At: 2025-03-18 00:06:01  
[2025-03-17 23:06:01] local.INFO: Pending Scheduled messages found: 0  
[2025-03-17 23:07:02] local.INFO: Checking for Scheduled Messages To Send At: 2025-03-18 00:07:02  
[2025-03-17 23:07:02] local.INFO: Pending Scheduled messages found: 0  
[2025-03-17 23:08:01] local.INFO: Checking for Scheduled Messages To Send At: 2025-03-18 00:08:01  
[2025-03-17 23:08:01] local.INFO: Pending Scheduled messages found: 0  
[2025-03-17 23:09:02] local.INFO: Checking for Scheduled Messages To Send At: 2025-03-18 00:09:02  
[2025-03-17 23:09:02] local.INFO: Pending Scheduled messages found: 0  
[2025-03-17 23:10:01] local.INFO: Checking for Scheduled Messages To Send At: 2025-03-18 00:10:01  
[2025-03-17 23:10:01] local.INFO: Pending Scheduled messages found: 0  
[2025-03-17 23:11:02] local.INFO: Checking for Scheduled Messages To Send At: 2025-03-18 00:11:02  
[2025-03-17 23:11:02] local.INFO: Pending Scheduled messages found: 0  
[2025-03-17 23:12:01] local.INFO: Checking for Scheduled Messages To Send At: 2025-03-18 00:12:01  
[2025-03-17 23:12:01] local.INFO: Pending Scheduled messages found: 0  
[2025-03-17 23:13:02] local.INFO: Checking for Scheduled Messages To Send At: 2025-03-18 00:13:02  
[2025-03-17 23:13:02] local.INFO: Pending Scheduled messages found: 0  
