[2025-07-24 08:13:25] local.ERROR: Unclosed '{' on line 11 {"exception":"[object] (Symfony\\Component\\ErrorHandler\\Error\\FatalError(code: 0): Unclosed '{' on line 11 at /home/victor/Documents/GGT/sms/app/Http/Middleware/Admin.php:30)
[stacktrace]
#0 {main}
"} 
[2025-07-24 08:13:30] local.ERROR: The "--columns" option does not exist. {"exception":"[object] (Symfony\\Component\\Console\\Exception\\RuntimeException(code: 0): The \"--columns\" option does not exist. at /home/victor/Documents/GGT/sms/vendor/symfony/console/Input/ArgvInput.php:226)
[stacktrace]
#0 /home/victor/Documents/GGT/sms/vendor/symfony/console/Input/ArgvInput.php(153): Symfony\\Component\\Console\\Input\\ArgvInput->addLongOption()
#1 /home/victor/Documents/GGT/sms/vendor/symfony/console/Input/ArgvInput.php(88): Symfony\\Component\\Console\\Input\\ArgvInput->parseLongOption()
#2 /home/victor/Documents/GGT/sms/vendor/symfony/console/Input/ArgvInput.php(77): Symfony\\Component\\Console\\Input\\ArgvInput->parseToken()
#3 /home/victor/Documents/GGT/sms/vendor/symfony/console/Input/Input.php(53): Symfony\\Component\\Console\\Input\\ArgvInput->parse()
#4 /home/victor/Documents/GGT/sms/vendor/symfony/console/Command/Command.php(238): Symfony\\Component\\Console\\Input\\Input->bind()
#5 /home/victor/Documents/GGT/sms/vendor/laravel/framework/src/Illuminate/Console/Command.php(182): Symfony\\Component\\Console\\Command\\Command->run()
#6 /home/victor/Documents/GGT/sms/vendor/symfony/console/Application.php(1094): Illuminate\\Console\\Command->run()
#7 /home/victor/Documents/GGT/sms/vendor/symfony/console/Application.php(342): Symfony\\Component\\Console\\Application->doRunCommand()
#8 /home/victor/Documents/GGT/sms/vendor/symfony/console/Application.php(193): Symfony\\Component\\Console\\Application->doRun()
#9 /home/victor/Documents/GGT/sms/vendor/laravel/framework/src/Illuminate/Foundation/Console/Kernel.php(198): Symfony\\Component\\Console\\Application->run()
#10 /home/victor/Documents/GGT/sms/vendor/laravel/framework/src/Illuminate/Foundation/Application.php(1235): Illuminate\\Foundation\\Console\\Kernel->handle()
#11 /home/victor/Documents/GGT/sms/artisan(13): Illuminate\\Foundation\\Application->handleCommand()
#12 {main}
"} 
[2025-07-24 08:13:32] local.ERROR: The "--columns" option does not exist. {"exception":"[object] (Symfony\\Component\\Console\\Exception\\RuntimeException(code: 0): The \"--columns\" option does not exist. at /home/victor/Documents/GGT/sms/vendor/symfony/console/Input/ArgvInput.php:226)
[stacktrace]
#0 /home/victor/Documents/GGT/sms/vendor/symfony/console/Input/ArgvInput.php(153): Symfony\\Component\\Console\\Input\\ArgvInput->addLongOption()
#1 /home/victor/Documents/GGT/sms/vendor/symfony/console/Input/ArgvInput.php(88): Symfony\\Component\\Console\\Input\\ArgvInput->parseLongOption()
#2 /home/victor/Documents/GGT/sms/vendor/symfony/console/Input/ArgvInput.php(77): Symfony\\Component\\Console\\Input\\ArgvInput->parseToken()
#3 /home/victor/Documents/GGT/sms/vendor/symfony/console/Input/Input.php(53): Symfony\\Component\\Console\\Input\\ArgvInput->parse()
#4 /home/victor/Documents/GGT/sms/vendor/symfony/console/Command/Command.php(238): Symfony\\Component\\Console\\Input\\Input->bind()
#5 /home/victor/Documents/GGT/sms/vendor/laravel/framework/src/Illuminate/Console/Command.php(182): Symfony\\Component\\Console\\Command\\Command->run()
#6 /home/victor/Documents/GGT/sms/vendor/symfony/console/Application.php(1094): Illuminate\\Console\\Command->run()
#7 /home/victor/Documents/GGT/sms/vendor/symfony/console/Application.php(342): Symfony\\Component\\Console\\Application->doRunCommand()
#8 /home/victor/Documents/GGT/sms/vendor/symfony/console/Application.php(193): Symfony\\Component\\Console\\Application->doRun()
#9 /home/victor/Documents/GGT/sms/vendor/laravel/framework/src/Illuminate/Foundation/Console/Kernel.php(198): Symfony\\Component\\Console\\Application->run()
#10 /home/victor/Documents/GGT/sms/vendor/laravel/framework/src/Illuminate/Foundation/Application.php(1235): Illuminate\\Foundation\\Console\\Kernel->handle()
#11 /home/victor/Documents/GGT/sms/artisan(13): Illuminate\\Foundation\\Application->handleCommand()
#12 {main}
"} 
[2025-07-24 08:13:49] local.ERROR: The "--columns" option does not exist. {"exception":"[object] (Symfony\\Component\\Console\\Exception\\RuntimeException(code: 0): The \"--columns\" option does not exist. at /home/victor/Documents/GGT/sms/vendor/symfony/console/Input/ArgvInput.php:226)
[stacktrace]
#0 /home/victor/Documents/GGT/sms/vendor/symfony/console/Input/ArgvInput.php(153): Symfony\\Component\\Console\\Input\\ArgvInput->addLongOption()
#1 /home/victor/Documents/GGT/sms/vendor/symfony/console/Input/ArgvInput.php(88): Symfony\\Component\\Console\\Input\\ArgvInput->parseLongOption()
#2 /home/victor/Documents/GGT/sms/vendor/symfony/console/Input/ArgvInput.php(77): Symfony\\Component\\Console\\Input\\ArgvInput->parseToken()
#3 /home/victor/Documents/GGT/sms/vendor/symfony/console/Input/Input.php(53): Symfony\\Component\\Console\\Input\\ArgvInput->parse()
#4 /home/victor/Documents/GGT/sms/vendor/symfony/console/Command/Command.php(238): Symfony\\Component\\Console\\Input\\Input->bind()
#5 /home/victor/Documents/GGT/sms/vendor/laravel/framework/src/Illuminate/Console/Command.php(182): Symfony\\Component\\Console\\Command\\Command->run()
#6 /home/victor/Documents/GGT/sms/vendor/symfony/console/Application.php(1094): Illuminate\\Console\\Command->run()
#7 /home/victor/Documents/GGT/sms/vendor/symfony/console/Application.php(342): Symfony\\Component\\Console\\Application->doRunCommand()
#8 /home/victor/Documents/GGT/sms/vendor/symfony/console/Application.php(193): Symfony\\Component\\Console\\Application->doRun()
#9 /home/victor/Documents/GGT/sms/vendor/laravel/framework/src/Illuminate/Foundation/Console/Kernel.php(198): Symfony\\Component\\Console\\Application->run()
#10 /home/victor/Documents/GGT/sms/vendor/laravel/framework/src/Illuminate/Foundation/Application.php(1235): Illuminate\\Foundation\\Console\\Kernel->handle()
#11 /home/victor/Documents/GGT/sms/artisan(13): Illuminate\\Foundation\\Application->handleCommand()
#12 {main}
"} 
[2025-07-24 08:18:31] local.INFO: SMS Request {"timestamp":"2025-07-24 08:18:31","url":"http://197.210.194.184/fcgi-bin/jar_http_sai.fcgi?X-Service=ggttxmt&X-Password=mtggtrx&X-Sender=AssetMatrix&X-Recipient=2349026560079&X-Message=Testing The API Now&X-SMS-DCS=0&X-External-Id=eeea239c053646aa96a8f2d059c3825e&X-Delivery-URL=https://sms.assetmatrixmfb.com/api/callback","parameters":{"senderName":"AssetMatrix","smsRoute":"exchange_trans","finalPhone":"2349026560079","message":"Testing The API Now"}} 
