[2025-02-09 18:51:15] local.ERROR: SQLSTATE[42S02]: Base table or view not found: 1146 Table 'ggt_sms.cache' doesn't exist (Connection: mysql, SQL: select * from `cache` where `key` in (illuminate:queue:restart)) {"exception":"[object] (Illuminate\\Database\\QueryException(code: 42S02): SQLSTATE[42S02]: Base table or view not found: 1146 Table 'ggt_sms.cache' doesn't exist (Connection: mysql, SQL: select * from `cache` where `key` in (illuminate:queue:restart)) at C:\\Users\\HP\\Documents\\GGT\\sms\\vendor\\laravel\\framework\\src\\Illuminate\\Database\\Connection.php:825)
[stacktrace]
#0 C:\\Users\\HP\\Documents\\GGT\\sms\\vendor\\laravel\\framework\\src\\Illuminate\\Database\\Connection.php(779): Illuminate\\Database\\Connection->runQueryCallback()
#1 C:\\Users\\HP\\Documents\\GGT\\sms\\vendor\\laravel\\framework\\src\\Illuminate\\Database\\Connection.php(398): Illuminate\\Database\\Connection->run()
#2 C:\\Users\\HP\\Documents\\GGT\\sms\\vendor\\laravel\\framework\\src\\Illuminate\\Database\\Query\\Builder.php(3133): Illuminate\\Database\\Connection->select()
#3 C:\\Users\\HP\\Documents\\GGT\\sms\\vendor\\laravel\\framework\\src\\Illuminate\\Database\\Query\\Builder.php(3118): Illuminate\\Database\\Query\\Builder->runSelect()
#4 C:\\Users\\HP\\Documents\\GGT\\sms\\vendor\\laravel\\framework\\src\\Illuminate\\Database\\Query\\Builder.php(3706): Illuminate\\Database\\Query\\Builder->Illuminate\\Database\\Query\\{closure}()
#5 C:\\Users\\HP\\Documents\\GGT\\sms\\vendor\\laravel\\framework\\src\\Illuminate\\Database\\Query\\Builder.php(3117): Illuminate\\Database\\Query\\Builder->onceWithColumns()
#6 C:\\Users\\HP\\Documents\\GGT\\sms\\vendor\\laravel\\framework\\src\\Illuminate\\Cache\\DatabaseStore.php(129): Illuminate\\Database\\Query\\Builder->get()
#7 C:\\Users\\HP\\Documents\\GGT\\sms\\vendor\\laravel\\framework\\src\\Illuminate\\Cache\\DatabaseStore.php(104): Illuminate\\Cache\\DatabaseStore->many()
#8 C:\\Users\\HP\\Documents\\GGT\\sms\\vendor\\laravel\\framework\\src\\Illuminate\\Cache\\Repository.php(117): Illuminate\\Cache\\DatabaseStore->get()
#9 C:\\Users\\HP\\Documents\\GGT\\sms\\vendor\\laravel\\framework\\src\\Illuminate\\Queue\\Worker.php(714): Illuminate\\Cache\\Repository->get()
#10 C:\\Users\\HP\\Documents\\GGT\\sms\\vendor\\laravel\\framework\\src\\Illuminate\\Queue\\Worker.php(703): Illuminate\\Queue\\Worker->getTimestampOfLastQueueRestart()
#11 C:\\Users\\HP\\Documents\\GGT\\sms\\vendor\\laravel\\framework\\src\\Illuminate\\Queue\\Worker.php(309): Illuminate\\Queue\\Worker->queueShouldRestart()
#12 C:\\Users\\HP\\Documents\\GGT\\sms\\vendor\\laravel\\framework\\src\\Illuminate\\Queue\\Worker.php(194): Illuminate\\Queue\\Worker->stopIfNecessary()
#13 C:\\Users\\HP\\Documents\\GGT\\sms\\vendor\\laravel\\framework\\src\\Illuminate\\Queue\\Console\\WorkCommand.php(149): Illuminate\\Queue\\Worker->daemon()
#14 C:\\Users\\HP\\Documents\\GGT\\sms\\vendor\\laravel\\framework\\src\\Illuminate\\Queue\\Console\\WorkCommand.php(132): Illuminate\\Queue\\Console\\WorkCommand->runWorker()
#15 C:\\Users\\HP\\Documents\\GGT\\sms\\vendor\\laravel\\framework\\src\\Illuminate\\Container\\BoundMethod.php(36): Illuminate\\Queue\\Console\\WorkCommand->handle()
#16 C:\\Users\\HP\\Documents\\GGT\\sms\\vendor\\laravel\\framework\\src\\Illuminate\\Container\\Util.php(43): Illuminate\\Container\\BoundMethod::Illuminate\\Container\\{closure}()
#17 C:\\Users\\HP\\Documents\\GGT\\sms\\vendor\\laravel\\framework\\src\\Illuminate\\Container\\BoundMethod.php(95): Illuminate\\Container\\Util::unwrapIfClosure()
#18 C:\\Users\\HP\\Documents\\GGT\\sms\\vendor\\laravel\\framework\\src\\Illuminate\\Container\\BoundMethod.php(35): Illuminate\\Container\\BoundMethod::callBoundMethod()
#19 C:\\Users\\HP\\Documents\\GGT\\sms\\vendor\\laravel\\framework\\src\\Illuminate\\Container\\Container.php(694): Illuminate\\Container\\BoundMethod::call()
#20 C:\\Users\\HP\\Documents\\GGT\\sms\\vendor\\laravel\\framework\\src\\Illuminate\\Console\\Command.php(213): Illuminate\\Container\\Container->call()
#21 C:\\Users\\HP\\Documents\\GGT\\sms\\vendor\\symfony\\console\\Command\\Command.php(279): Illuminate\\Console\\Command->execute()
#22 C:\\Users\\HP\\Documents\\GGT\\sms\\vendor\\laravel\\framework\\src\\Illuminate\\Console\\Command.php(182): Symfony\\Component\\Console\\Command\\Command->run()
#23 C:\\Users\\HP\\Documents\\GGT\\sms\\vendor\\symfony\\console\\Application.php(1094): Illuminate\\Console\\Command->run()
#24 C:\\Users\\HP\\Documents\\GGT\\sms\\vendor\\symfony\\console\\Application.php(342): Symfony\\Component\\Console\\Application->doRunCommand()
#25 C:\\Users\\HP\\Documents\\GGT\\sms\\vendor\\symfony\\console\\Application.php(193): Symfony\\Component\\Console\\Application->doRun()
#26 C:\\Users\\HP\\Documents\\GGT\\sms\\vendor\\laravel\\framework\\src\\Illuminate\\Foundation\\Console\\Kernel.php(198): Symfony\\Component\\Console\\Application->run()
#27 C:\\Users\\HP\\Documents\\GGT\\sms\\vendor\\laravel\\framework\\src\\Illuminate\\Foundation\\Application.php(1205): Illuminate\\Foundation\\Console\\Kernel->handle()
#28 C:\\Users\\HP\\Documents\\GGT\\sms\\artisan(13): Illuminate\\Foundation\\Application->handleCommand()
#29 {main}

[previous exception] [object] (PDOException(code: 42S02): SQLSTATE[42S02]: Base table or view not found: 1146 Table 'ggt_sms.cache' doesn't exist at C:\\Users\\HP\\Documents\\GGT\\sms\\vendor\\laravel\\framework\\src\\Illuminate\\Database\\Connection.php:407)
[stacktrace]
#0 C:\\Users\\HP\\Documents\\GGT\\sms\\vendor\\laravel\\framework\\src\\Illuminate\\Database\\Connection.php(407): PDO->prepare()
#1 C:\\Users\\HP\\Documents\\GGT\\sms\\vendor\\laravel\\framework\\src\\Illuminate\\Database\\Connection.php(812): Illuminate\\Database\\Connection->Illuminate\\Database\\{closure}()
#2 C:\\Users\\HP\\Documents\\GGT\\sms\\vendor\\laravel\\framework\\src\\Illuminate\\Database\\Connection.php(779): Illuminate\\Database\\Connection->runQueryCallback()
#3 C:\\Users\\HP\\Documents\\GGT\\sms\\vendor\\laravel\\framework\\src\\Illuminate\\Database\\Connection.php(398): Illuminate\\Database\\Connection->run()
#4 C:\\Users\\HP\\Documents\\GGT\\sms\\vendor\\laravel\\framework\\src\\Illuminate\\Database\\Query\\Builder.php(3133): Illuminate\\Database\\Connection->select()
#5 C:\\Users\\HP\\Documents\\GGT\\sms\\vendor\\laravel\\framework\\src\\Illuminate\\Database\\Query\\Builder.php(3118): Illuminate\\Database\\Query\\Builder->runSelect()
#6 C:\\Users\\HP\\Documents\\GGT\\sms\\vendor\\laravel\\framework\\src\\Illuminate\\Database\\Query\\Builder.php(3706): Illuminate\\Database\\Query\\Builder->Illuminate\\Database\\Query\\{closure}()
#7 C:\\Users\\HP\\Documents\\GGT\\sms\\vendor\\laravel\\framework\\src\\Illuminate\\Database\\Query\\Builder.php(3117): Illuminate\\Database\\Query\\Builder->onceWithColumns()
#8 C:\\Users\\HP\\Documents\\GGT\\sms\\vendor\\laravel\\framework\\src\\Illuminate\\Cache\\DatabaseStore.php(129): Illuminate\\Database\\Query\\Builder->get()
#9 C:\\Users\\HP\\Documents\\GGT\\sms\\vendor\\laravel\\framework\\src\\Illuminate\\Cache\\DatabaseStore.php(104): Illuminate\\Cache\\DatabaseStore->many()
#10 C:\\Users\\HP\\Documents\\GGT\\sms\\vendor\\laravel\\framework\\src\\Illuminate\\Cache\\Repository.php(117): Illuminate\\Cache\\DatabaseStore->get()
#11 C:\\Users\\HP\\Documents\\GGT\\sms\\vendor\\laravel\\framework\\src\\Illuminate\\Queue\\Worker.php(714): Illuminate\\Cache\\Repository->get()
#12 C:\\Users\\HP\\Documents\\GGT\\sms\\vendor\\laravel\\framework\\src\\Illuminate\\Queue\\Worker.php(703): Illuminate\\Queue\\Worker->getTimestampOfLastQueueRestart()
#13 C:\\Users\\HP\\Documents\\GGT\\sms\\vendor\\laravel\\framework\\src\\Illuminate\\Queue\\Worker.php(309): Illuminate\\Queue\\Worker->queueShouldRestart()
#14 C:\\Users\\HP\\Documents\\GGT\\sms\\vendor\\laravel\\framework\\src\\Illuminate\\Queue\\Worker.php(194): Illuminate\\Queue\\Worker->stopIfNecessary()
#15 C:\\Users\\HP\\Documents\\GGT\\sms\\vendor\\laravel\\framework\\src\\Illuminate\\Queue\\Console\\WorkCommand.php(149): Illuminate\\Queue\\Worker->daemon()
#16 C:\\Users\\HP\\Documents\\GGT\\sms\\vendor\\laravel\\framework\\src\\Illuminate\\Queue\\Console\\WorkCommand.php(132): Illuminate\\Queue\\Console\\WorkCommand->runWorker()
#17 C:\\Users\\HP\\Documents\\GGT\\sms\\vendor\\laravel\\framework\\src\\Illuminate\\Container\\BoundMethod.php(36): Illuminate\\Queue\\Console\\WorkCommand->handle()
#18 C:\\Users\\HP\\Documents\\GGT\\sms\\vendor\\laravel\\framework\\src\\Illuminate\\Container\\Util.php(43): Illuminate\\Container\\BoundMethod::Illuminate\\Container\\{closure}()
#19 C:\\Users\\HP\\Documents\\GGT\\sms\\vendor\\laravel\\framework\\src\\Illuminate\\Container\\BoundMethod.php(95): Illuminate\\Container\\Util::unwrapIfClosure()
#20 C:\\Users\\HP\\Documents\\GGT\\sms\\vendor\\laravel\\framework\\src\\Illuminate\\Container\\BoundMethod.php(35): Illuminate\\Container\\BoundMethod::callBoundMethod()
#21 C:\\Users\\HP\\Documents\\GGT\\sms\\vendor\\laravel\\framework\\src\\Illuminate\\Container\\Container.php(694): Illuminate\\Container\\BoundMethod::call()
#22 C:\\Users\\HP\\Documents\\GGT\\sms\\vendor\\laravel\\framework\\src\\Illuminate\\Console\\Command.php(213): Illuminate\\Container\\Container->call()
#23 C:\\Users\\HP\\Documents\\GGT\\sms\\vendor\\symfony\\console\\Command\\Command.php(279): Illuminate\\Console\\Command->execute()
#24 C:\\Users\\HP\\Documents\\GGT\\sms\\vendor\\laravel\\framework\\src\\Illuminate\\Console\\Command.php(182): Symfony\\Component\\Console\\Command\\Command->run()
#25 C:\\Users\\HP\\Documents\\GGT\\sms\\vendor\\symfony\\console\\Application.php(1094): Illuminate\\Console\\Command->run()
#26 C:\\Users\\HP\\Documents\\GGT\\sms\\vendor\\symfony\\console\\Application.php(342): Symfony\\Component\\Console\\Application->doRunCommand()
#27 C:\\Users\\HP\\Documents\\GGT\\sms\\vendor\\symfony\\console\\Application.php(193): Symfony\\Component\\Console\\Application->doRun()
#28 C:\\Users\\HP\\Documents\\GGT\\sms\\vendor\\laravel\\framework\\src\\Illuminate\\Foundation\\Console\\Kernel.php(198): Symfony\\Component\\Console\\Application->run()
#29 C:\\Users\\HP\\Documents\\GGT\\sms\\vendor\\laravel\\framework\\src\\Illuminate\\Foundation\\Application.php(1205): Illuminate\\Foundation\\Console\\Kernel->handle()
#30 C:\\Users\\HP\\Documents\\GGT\\sms\\artisan(13): Illuminate\\Foundation\\Application->handleCommand()
#31 {main}
"} 
